<?xml version="1.0" encoding="UTF-8"?>
  <testsuites tests="2" disabled="0" errors="1" failures="0" time="106.880122">
      <testsuite name="E2e Suite" package="/Users/rokej/go/src/github.com/rokej/hypershift-addon-operator" tests="2" disabled="0" skipped="0" errors="1" failures="0" time="106.880122" timestamp="2024-04-29T15:40:29">
          <properties>
              <property name="SuiteSucceeded" value="false"></property>
              <property name="SuiteHasProgrammaticFocus" value="false"></property>
              <property name="SpecialSuiteFailureReason" value="Interrupted by User"></property>
              <property name="SuiteLabels" value="[]"></property>
              <property name="RandomSeed" value="1714419629"></property>
              <property name="RandomizeAllSpecs" value="false"></property>
              <property name="LabelFilter" value=""></property>
              <property name="FocusStrings" value=""></property>
              <property name="SkipStrings" value=""></property>
              <property name="FocusFiles" value=""></property>
              <property name="SkipFiles" value=""></property>
              <property name="FailOnPending" value="false"></property>
              <property name="FailFast" value="false"></property>
              <property name="FlakeAttempts" value="0"></property>
              <property name="DryRun" value="false"></property>
              <property name="ParallelTotal" value="1"></property>
              <property name="OutputInterceptorMode" value=""></property>
          </properties>
          <testcase name="[BeforeSuite]" classname="E2e Suite" status="passed" time="0.240332317">
              <system-err>&gt; Enter [BeforeSuite] TOP-LEVEL - /Users/rokej/go/src/github.com/rokej/hypershift-addon-operator/test/e2e/e2e_suite_test.go:44 @ 04/29/24 15:40:29.104&#xA;STEP: Check the addon manager was installed - /Users/rokej/go/src/github.com/rokej/hypershift-addon-operator/test/e2e/e2e_suite_test.go:65 @ 04/29/24 15:40:29.109&#xA;STEP: Check if the managed cluster is OCP - /Users/rokej/go/src/github.com/rokej/hypershift-addon-operator/test/e2e/e2e_suite_test.go:71 @ 04/29/24 15:40:29.276&#xA;&lt; Exit [BeforeSuite] TOP-LEVEL - /Users/rokej/go/src/github.com/rokej/hypershift-addon-operator/test/e2e/e2e_suite_test.go:44 @ 04/29/24 15:40:29.344 (240ms)&#xA;</system-err>
          </testcase>
          <testcase name="[It] Install install hypershift operator did not exist" classname="E2e Suite" status="interrupted" time="106.636119185">
              <error message="Interrupted by User" type="interrupted">[INTERRUPTED] Interrupted by User&#xA;In [It] at: /Users/rokej/go/src/github.com/rokej/hypershift-addon-operator/test/e2e/install_test.go:132 @ 04/29/24 15:42:15.837&#xA;&#xA;This is the Progress Report generated when the interrupt was received:&#xA;  Install install hypershift operator did not exist (Spec Runtime: 1m46.491s)&#xA;    /Users/rokej/go/src/github.com/rokej/hypershift-addon-operator/test/e2e/install_test.go:132&#xA;    In [It] (Node Runtime: 1m46.413s)&#xA;      /Users/rokej/go/src/github.com/rokej/hypershift-addon-operator/test/e2e/install_test.go:132&#xA;      At [By Step] Addon manager logs: W0429 19:39:34.186586       1 cmd.go:245] Using insecure, self-signed certificates&#xA;      I0429 19:39:34.430529       1 observer_polling.go:159] Starting file observer&#xA;      W0429 19:39:34.440464       1 builder.go:267] unable to get owner reference (falling back to namespace): pods is forbidden: User &#34;system:serviceaccount:multicluster-engine:hypershift-addon-manager-sa&#34; cannot list resource &#34;pods&#34; in API group &#34;&#34; in the namespace &#34;multicluster-engine&#34;&#xA;      I0429 19:39:34.440605       1 builder.go:299] hypershift-addon version v0.0.0-master+$Format:%H$-$Format:%H$&#xA;      I0429 19:39:35.025950       1 secure_serving.go:57] Forcing use of http/1.1 only&#xA;      W0429 19:39:35.026057       1 secure_serving.go:69] Use of insecure cipher &#39;TLS_ECDHE_ECDSA_WITH_AES_128_CBC_SHA256&#39; detected.&#xA;      W0429 19:39:35.026072       1 secure_serving.go:69] Use of insecure cipher &#39;TLS_ECDHE_RSA_WITH_AES_128_CBC_SHA256&#39; detected.&#xA;      I0429 19:39:35.039015       1 base_controller.go:34] Waiting for caches to sync for addon-deploy-controller&#xA;      I0429 19:39:35.039075       1 base_controller.go:34] Waiting for caches to sync for addon-configuration-controller&#xA;      I0429 19:39:35.039085       1 base_controller.go:34] Waiting for caches to sync for addon-registration-controller&#xA;      I0429 19:39:35.039098       1 base_controller.go:34] Waiting for caches to sync for addon-owner-controller&#xA;      I0429 19:39:35.039101       1 base_controller.go:34] Waiting for caches to sync for addon-install-controller&#xA;      I0429 19:39:35.039112       1 base_controller.go:34] Waiting for caches to sync for addon-config-controller&#xA;      I0429 19:39:35.039125       1 base_controller.go:34] Waiting for caches to sync for management-addon-config-controller&#xA;      I0429 19:39:35.039073       1 base_controller.go:34] Waiting for caches to sync for management-addon-controller&#xA;      I0429 19:39:35.039361       1 base_controller.go:34] Waiting for caches to sync for CSRApprovingController&#xA;      I0429 19:39:35.039382       1 base_controller.go:34] Waiting for caches to sync for CSRApprovingController&#xA;      I0429 19:39:35.046653       1 requestheader_controller.go:169] Starting RequestHeaderAuthRequestController&#xA;      I0429 19:39:35.046704       1 shared_informer.go:311] Waiting for caches to sync for RequestHeaderAuthRequestController&#xA;      I0429 19:39:35.046739       1 configmap_cafile_content.go:202] &#34;Starting controller&#34; name=&#34;client-ca::kube-system::extension-apiserver-authentication::client-ca-file&#34;&#xA;      I0429 19:39:35.046759       1 shared_informer.go:311] Waiting for caches to sync for client-ca::kube-system::extension-apiserver-authentication::client-ca-file&#xA;      I0429 19:39:35.046779       1 configmap_cafile_content.go:202] &#34;Starting controller&#34; name=&#34;client-ca::kube-system::extension-apiserver-authentication::requestheader-client-ca-file&#34;&#xA;      I0429 19:39:35.046789       1 shared_informer.go:311] Waiting for caches to sync for client-ca::kube-system::extension-apiserver-authentication::requestheader-client-ca-file&#xA;      I0429 19:39:35.047391       1 dynamic_serving_content.go:132] &#34;Starting controller&#34; name=&#34;serving-cert::/tmp/serving-cert-993586889/tls.crt::/tmp/serving-cert-993586889/tls.key&#34;&#xA;      I0429 19:39:35.048149       1 secure_serving.go:213] Serving securely on [::]:8443&#xA;      I0429 19:39:35.048233       1 tlsconfig.go:240] &#34;Starting DynamicServingCertificateController&#34;&#xA;      2024-04-29T19:39:35.095Z&#x9;INFO&#x9;manager&#x9;manager/cli_download_install.go:113&#x9;MCE CSV found multicluster-engine.v2.6.0&#xA;      2024-04-29T19:39:35.095Z&#x9;INFO&#x9;manager&#x9;manager/cli_download_install.go:60&#x9;the hcp CLI download image was not found in the CSV. Skip enabling the hcp CLI download&#xA;      I0429 19:39:35.139212       1 base_controller.go:40] Caches are synced for management-addon-controller &#xA;      I0429 19:39:35.139234       1 base_controller.go:40] Caches are synced for addon-deploy-controller &#xA;      I0429 19:39:35.139240       1 base_controller.go:78] Starting #1 worker of management-addon-controller controller ...&#xA;      I0429 19:39:35.139244       1 base_controller.go:78] Starting #1 worker of addon-deploy-controller controller ...&#xA;      I0429 19:39:35.139244       1 base_controller.go:40] Caches are synced for addon-install-controller &#xA;      I0429 19:39:35.139259       1 base_controller.go:40] Caches are synced for addon-configuration-controller &#xA;      I0429 19:39:35.139261       1 base_controller.go:78] Starting #1 worker of addon-install-controller controller ...&#xA;      I0429 19:39:35.139264       1 base_controller.go:78] Starting #1 worker of addon-configuration-controller controller ...&#xA;      I0429 19:39:35.139294       1 base_controller.go:40] Caches are synced for addon-config-controller &#xA;      I0429 19:39:35.139301       1 base_controller.go:78] Starting #1 worker of addon-config-controller controller ...&#xA;      I0429 19:39:35.139221       1 base_controller.go:40] Caches are synced for addon-owner-controller &#xA;      I0429 19:39:35.139295       1 base_controller.go:40] Caches are synced for addon-registration-controller &#xA;      I0429 19:39:35.139312       1 base_controller.go:78] Starting #1 worker of addon-owner-controller controller ...&#xA;      I0429 19:39:35.139315       1 base_controller.go:78] Starting #1 worker of addon-registration-controller controller ...&#xA;      I0429 19:39:35.139303       1 base_controller.go:40] Caches are synced for management-addon-config-controller &#xA;      I0429 19:39:35.139406       1 base_controller.go:78] Starting #1 worker of management-addon-config-controller controller ...&#xA;      I0429 19:39:35.139442       1 base_controller.go:40] Caches are synced for CSRApprovingController &#xA;      I0429 19:39:35.139453       1 base_controller.go:78] Starting #1 worker of CSRApprovingController controller ...&#xA;      I0429 19:39:35.140064       1 base_controller.go:40] Caches are synced for CSRApprovingController &#xA;      I0429 19:39:35.140126       1 base_controller.go:78] Starting #1 worker of CSRApprovingController controller ...&#xA;      I0429 19:39:35.147504       1 shared_informer.go:318] Caches are synced for client-ca::kube-system::extension-apiserver-authentication::requestheader-client-ca-file&#xA;      I0429 19:39:35.147532       1 shared_informer.go:318] Caches are synced for RequestHeaderAuthRequestController&#xA;      I0429 19:39:35.147552       1 shared_informer.go:318] Caches are synced for client-ca::kube-system::extension-apiserver-authentication::client-ca-file&#xA;      W0429 19:40:29.507174       1 controller.go:99] OwnerReferences is not set for &#34;local-cluster/hypershift-addon&#34;&#xA;      W0429 19:40:29.515959       1 controller.go:99] OwnerReferences is not set for &#34;local-cluster/hypershift-addon&#34;&#xA;      W0429 19:40:29.525642       1 controller.go:99] OwnerReferences is not set for &#34;local-cluster/hypershift-addon&#34;&#xA;      E0429 19:40:29.527910       1 base_controller.go:159] &#34;addon-config-controller&#34; controller failed to sync &#34;local-cluster/hypershift-addon&#34;, err: Operation cannot be fulfilled on managedclusteraddons.addon.open-cluster-management.io &#34;hypershift-addon&#34;: the object has been modified; please apply your changes to the latest version and try again&#xA;      W0429 19:40:29.534084       1 controller.go:99] OwnerReferences is not set for &#34;local-cluster/hypershift-addon&#34;&#xA;      I0429 19:40:29.562072       1 event.go:364] Event(v1.ObjectReference{Kind:&#34;Namespace&#34;, Namespace:&#34;multicluster-engine&#34;, Name:&#34;multicluster-engine&#34;, UID:&#34;&#34;, APIVersion:&#34;v1&#34;, ResourceVersion:&#34;&#34;, FieldPath:&#34;&#34;}): type: &#39;Normal&#39; reason: &#39;ClusterRoleBindingUpdated&#39; Updated ClusterRoleBinding.rbac.authorization.k8s.io/open-cluster-management:hypershift-addon:local-cluster:agent -n local-cluster because it changed&#xA;      I0429 19:40:29.587011       1 event.go:364] Event(v1.ObjectReference{Kind:&#34;Namespace&#34;, Namespace:&#34;multicluster-engine&#34;, Name:&#34;multicluster-engine&#34;, UID:&#34;&#34;, APIVersion:&#34;v1&#34;, ResourceVersion:&#34;&#34;, FieldPath:&#34;&#34;}): type: &#39;Normal&#39; reason: &#39;ClusterRoleBindingUpdated&#39; Updated ClusterRoleBinding.rbac.authorization.k8s.io/open-cluster-management:hypershift-addon:local-cluster:agent -n local-cluster because it changed&#xA;      I0429 19:40:29.653121       1 event.go:364] Event(v1.ObjectReference{Kind:&#34;Namespace&#34;, Namespace:&#34;multicluster-engine&#34;, Name:&#34;multicluster-engine&#34;, UID:&#34;&#34;, APIVersion:&#34;v1&#34;, ResourceVersion:&#34;&#34;, FieldPath:&#34;&#34;}): type: &#39;Normal&#39; reason: &#39;ClusterRoleBindingUpdated&#39; Updated ClusterRoleBinding.rbac.authorization.k8s.io/open-cluster-management:hypershift-addon:local-cluster:agent -n local-cluster because it changed&#xA;      I0429 19:40:29.697905       1 csr_helpers.go:174] CSR approved&#xA;      I0429 19:40:29.809590       1 event.go:364] Event(v1.ObjectReference{Kind:&#34;Namespace&#34;, Namespace:&#34;multicluster-engine&#34;, Name:&#34;multicluster-engine&#34;, UID:&#34;&#34;, APIVersion:&#34;v1&#34;, ResourceVersion:&#34;&#34;, FieldPath:&#34;&#34;}): type: &#39;Normal&#39; reason: &#39;ClusterRoleBindingUpdated&#39; Updated ClusterRoleBinding.rbac.authorization.k8s.io/open-cluster-management:hypershift-addon:local-cluster:agent -n local-cluster because it changed&#xA;      I0429 19:40:35.874969       1 event.go:364] Event(v1.ObjectReference{Kind:&#34;Namespace&#34;, Namespace:&#34;multicluster-engine&#34;, Name:&#34;multicluster-engine&#34;, UID:&#34;&#34;, APIVersion:&#34;v1&#34;, ResourceVersion:&#34;&#34;, FieldPath:&#34;&#34;}): type: &#39;Normal&#39; reason: &#39;ClusterRoleBindingUpdated&#39; Updated ClusterRoleBinding.rbac.authorization.k8s.io/open-cluster-management:hypershift-addon:local-cluster:agent -n local-cluster because it changed&#xA;      I0429 19:40:35.916966       1 event.go:364] Event(v1.ObjectReference{Kind:&#34;Namespace&#34;, Namespace:&#34;multicluster-engine&#34;, Name:&#34;multicluster-engine&#34;, UID:&#34;&#34;, APIVersion:&#34;v1&#34;, ResourceVersion:&#34;&#34;, FieldPath:&#34;&#34;}): type: &#39;Normal&#39; reason: &#39;ClusterRoleBindingUpdated&#39; Updated ClusterRoleBinding.rbac.authorization.k8s.io/open-cluster-management:hypershift-addon:local-cluster:agent -n local-cluster because it changed&#xA;      E0429 19:40:35.926558       1 base_controller.go:159] &#34;addon-deploy-controller&#34; controller failed to sync &#34;local-cluster/hypershift-addon&#34;, err: Operation cannot be fulfilled on managedclusteraddons.addon.open-cluster-management.io &#34;hypershift-addon&#34;: the object has been modified; please apply your changes to the latest version and try again&#xA;      I0429 19:40:45.026595       1 event.go:364] Event(v1.ObjectReference{Kind:&#34;Namespace&#34;, Namespace:&#34;multicluster-engine&#34;, Name:&#34;multicluster-engine&#34;, UID:&#34;&#34;, APIVersion:&#34;v1&#34;, ResourceVersion:&#34;&#34;, FieldPath:&#34;&#34;}): type: &#39;Normal&#39; reason: &#39;ClusterRoleBindingUpdated&#39; Updated ClusterRoleBinding.rbac.authorization.k8s.io/open-cluster-management:hypershift-addon:local-cluster:agent -n local-cluster because it changed&#xA;       (Step Runtime: 1.23s)&#xA;        /Users/rokej/go/src/github.com/rokej/hypershift-addon-operator/test/e2e/install_test.go:162&#xA;&#xA;      Spec Goroutine&#xA;      goroutine 71 [select]&#xA;        github.com/onsi/gomega/internal.(*AsyncAssertion).match(0xc00021a3f0, {0x27e50a0?, 0xc000707be0}, 0x1, {0x0, 0x0, 0x0})&#xA;          /Users/rokej/go/src/github.com/rokej/hypershift-addon-operator/vendor/github.com/onsi/gomega/internal/async_assertion.go:538&#xA;        github.com/onsi/gomega/internal.(*AsyncAssertion).Should(0xc00021a3f0, {0x27e50a0, 0xc000707be0}, {0x0, 0x0, 0x0})&#xA;          /Users/rokej/go/src/github.com/rokej/hypershift-addon-operator/vendor/github.com/onsi/gomega/internal/async_assertion.go:145&#xA;      &gt; github.com/stolostron/hypershift-addon-operator/test/e2e_test.glob..func2.3.3()&#xA;          /Users/rokej/go/src/github.com/rokej/hypershift-addon-operator/test/e2e/install_test.go:201&#xA;            | &#xA;            | &#x9;return true&#xA;            &gt; }, eventuallyTimeout, eventuallyInterval).Should(gomega.BeTrue())&#xA;            | &#xA;            | ginkgo.By(&#34;Check the hypershift operator installation&#34;)&#xA;        github.com/onsi/ginkgo/v2/internal.extractBodyFunction.func3({0x15db248, 0xc00052a780})&#xA;          /Users/rokej/go/src/github.com/rokej/hypershift-addon-operator/vendor/github.com/onsi/ginkgo/v2/internal/node.go:463&#xA;        github.com/onsi/ginkgo/v2/internal.(*Suite).runNode.func3()&#xA;          /Users/rokej/go/src/github.com/rokej/hypershift-addon-operator/vendor/github.com/onsi/ginkgo/v2/internal/suite.go:889&#xA;        github.com/onsi/ginkgo/v2/internal.(*Suite).runNode in goroutine 19&#xA;          /Users/rokej/go/src/github.com/rokej/hypershift-addon-operator/vendor/github.com/onsi/ginkgo/v2/internal/suite.go:876&#xA;&#xA;      Other Goroutines&#xA;      goroutine 19 [running]&#xA;        github.com/onsi/ginkgo/v2/internal.extractRunningGoroutines()&#xA;          /Users/rokej/go/src/github.com/rokej/hypershift-addon-operator/vendor/github.com/onsi/ginkgo/v2/internal/progress_report.go:181&#xA;        github.com/onsi/ginkgo/v2/internal.NewProgressReport(_, {{0xc0000de1e0, 0x2, 0x2}, {0xc00021a150, 0x2, 0x2}, {0xc0000d5440, 0x2, 0x2}, ...}, ...)&#xA;          /Users/rokej/go/src/github.com/rokej/hypershift-addon-operator/vendor/github.com/onsi/ginkgo/v2/internal/progress_report.go:75&#xA;        github.com/onsi/ginkgo/v2/internal.(*Suite).generateProgressReport(_, _)&#xA;          /Users/rokej/go/src/github.com/rokej/hypershift-addon-operator/vendor/github.com/onsi/ginkgo/v2/internal/suite.go:381&#xA;        github.com/onsi/ginkgo/v2/internal.(*Suite).runNode(_, {0x9, 0x4, {0x2582a31, 0xd}, 0xc000401cb0, {{0x2bd0c82, 0x57}, 0x84, {0x0, ...}, ...}, ...}, ...)&#xA;          /Users/rokej/go/src/github.com/rokej/hypershift-addon-operator/vendor/github.com/onsi/ginkgo/v2/internal/suite.go:975&#xA;        github.com/onsi/ginkgo/v2/internal.(*group).attemptSpec(0xc0004dd1c0, 0x1, {{0xc000462000?, 0xc00021a150?, 0x2?}, 0x0?})&#xA;          /Users/rokej/go/src/github.com/rokej/hypershift-addon-operator/vendor/github.com/onsi/ginkgo/v2/internal/group.go:199&#xA;        github.com/onsi/ginkgo/v2/internal.(*group).run(0xc0004dd1c0, {0xc0000de1c0?, 0x0?, 0x0?})&#xA;          /Users/rokej/go/src/github.com/rokej/hypershift-addon-operator/vendor/github.com/onsi/ginkgo/v2/internal/group.go:349&#xA;        github.com/onsi/ginkgo/v2/internal.(*Suite).runSpecs(0xc000426000, {0x257e702, 0x9}, {0x3525140, 0x0, 0x0}, {0xc00004a054, 0x3e}, 0x0, {0xc000403960, ...})&#xA;          /Users/rokej/go/src/github.com/rokej/hypershift-addon-operator/vendor/github.com/onsi/ginkgo/v2/internal/suite.go:489&#xA;        github.com/onsi/ginkgo/v2/internal.(*Suite).Run(_, {_, _}, {_, _, _}, {_, _}, _, {0x27f6ef0, ...}, ...)&#xA;          /Users/rokej/go/src/github.com/rokej/hypershift-addon-operator/vendor/github.com/onsi/ginkgo/v2/internal/suite.go:130&#xA;        github.com/onsi/ginkgo/v2.RunSpecs({0x27da680, 0xc0004501a0}, {0x257e702, 0x9}, {0x0, 0x0, 0x0})&#xA;          /Users/rokej/go/src/github.com/rokej/hypershift-addon-operator/vendor/github.com/onsi/ginkgo/v2/core_dsl.go:300&#xA;        github.com/stolostron/hypershift-addon-operator/test/e2e_test.TestE2e(0x0?)&#xA;          /Users/rokej/go/src/github.com/rokej/hypershift-addon-operator/test/e2e/e2e_suite_test.go:23&#xA;        testing.tRunner(0xc0004501a0, 0x2678620)&#xA;          /usr/local/Cellar/go/1.21.1/libexec/src/testing/testing.go:1595&#xA;        testing.(*T).Run in goroutine 1&#xA;          /usr/local/Cellar/go/1.21.1/libexec/src/testing/testing.go:1648&#xA;&#xA;      goroutine 1 [chan receive, 1 minutes]&#xA;        testing.(*T).Run(0xc000450000, {0x257cb4a?, 0x2360fbb89b415?}, 0x2678620)&#xA;          /usr/local/Cellar/go/1.21.1/libexec/src/testing/testing.go:1649&#xA;        testing.runTests.func1(0x34f6240?)&#xA;          /usr/local/Cellar/go/1.21.1/libexec/src/testing/testing.go:2054&#xA;        testing.tRunner(0xc000450000, 0xc00020bc48)&#xA;          /usr/local/Cellar/go/1.21.1/libexec/src/testing/testing.go:1595&#xA;        testing.runTests(0xc0003cb4a0?, {0x34ba930, 0x1, 0x1}, {0x102557c?, 0xc00020bd08?, 0x0?})&#xA;          /usr/local/Cellar/go/1.21.1/libexec/src/testing/testing.go:2052&#xA;        testing.(*M).Run(0xc0003cb4a0)&#xA;          /usr/local/Cellar/go/1.21.1/libexec/src/testing/testing.go:1925&#xA;        main.main()&#xA;          _testmain.go:47&#xA;&#xA;      goroutine 34 [syscall]&#xA;        os/signal.signal_recv()&#xA;          /usr/local/Cellar/go/1.21.1/libexec/src/runtime/sigqueue.go:149&#xA;        os/signal.loop()&#xA;          /usr/local/Cellar/go/1.21.1/libexec/src/os/signal/signal_unix.go:23&#xA;        os/signal.Notify.func1.1 in goroutine 19&#xA;          /usr/local/Cellar/go/1.21.1/libexec/src/os/signal/signal.go:151&#xA;&#xA;      goroutine 21 [select]&#xA;        github.com/onsi/ginkgo/v2/internal/interrupt_handler.(*InterruptHandler).registerForInterrupts.func2(0x0?)&#xA;          /Users/rokej/go/src/github.com/rokej/hypershift-addon-operator/vendor/github.com/onsi/ginkgo/v2/internal/interrupt_handler/interrupt_handler.go:131&#xA;        github.com/onsi/ginkgo/v2/internal/interrupt_handler.(*InterruptHandler).registerForInterrupts in goroutine 19&#xA;          /Users/rokej/go/src/github.com/rokej/hypershift-addon-operator/vendor/github.com/onsi/ginkgo/v2/internal/interrupt_handler/interrupt_handler.go:128&#xA;&#xA;      goroutine 22 [select, 1 minutes]&#xA;        github.com/onsi/ginkgo/v2/internal.RegisterForProgressSignal.func1()&#xA;          /Users/rokej/go/src/github.com/rokej/hypershift-addon-operator/vendor/github.com/onsi/ginkgo/v2/internal/progress_report.go:32&#xA;        github.com/onsi/ginkgo/v2/internal.RegisterForProgressSignal in goroutine 19&#xA;          /Users/rokej/go/src/github.com/rokej/hypershift-addon-operator/vendor/github.com/onsi/ginkgo/v2/internal/progress_report.go:30&#xA;&#xA;      goroutine 52 [IO wait]&#xA;        internal/poll.runtime_pollWait(0x4a8f6350, 0x72)&#xA;          /usr/local/Cellar/go/1.21.1/libexec/src/runtime/netpoll.go:343&#xA;        internal/poll.(*pollDesc).wait(0xc000622f80?, 0xc00063c000?, 0x0)&#xA;          /usr/local/Cellar/go/1.21.1/libexec/src/internal/poll/fd_poll_runtime.go:84&#xA;        internal/poll.(*pollDesc).waitRead(...)&#xA;          /usr/local/Cellar/go/1.21.1/libexec/src/internal/poll/fd_poll_runtime.go:89&#xA;        internal/poll.(*FD).Read(0xc000622f80, {0xc00063c000, 0x4a80, 0x4a80})&#xA;          /usr/local/Cellar/go/1.21.1/libexec/src/internal/poll/fd_unix.go:164&#xA;        net.(*netFD).Read(0xc000622f80, {0xc00063c000?, 0xc00063e812?, 0x1a?})&#xA;          /usr/local/Cellar/go/1.21.1/libexec/src/net/fd_posix.go:55&#xA;        net.(*conn).Read(0xc000624008, {0xc00063c000?, 0x110a61e?, 0xc0001d6538?})&#xA;          /usr/local/Cellar/go/1.21.1/libexec/src/net/net.go:179&#xA;        crypto/tls.(*atLeastReader).Read(0xc0000122e8, {0xc00063c000?, 0xc0000122e8?, 0x0?})&#xA;          /usr/local/Cellar/go/1.21.1/libexec/src/crypto/tls/conn.go:805&#xA;        bytes.(*Buffer).ReadFrom(0xc0001d6628, {0x27dbe00, 0xc0000122e8})&#xA;          /usr/local/Cellar/go/1.21.1/libexec/src/bytes/buffer.go:211&#xA;        crypto/tls.(*Conn).readFromUntil(0xc0001d6380, {0x4a94b918?, 0xc000624008}, 0x2273?)&#xA;          /usr/local/Cellar/go/1.21.1/libexec/src/crypto/tls/conn.go:827&#xA;        crypto/tls.(*Conn).readRecordOrCCS(0xc0001d6380, 0x0)&#xA;          /usr/local/Cellar/go/1.21.1/libexec/src/crypto/tls/conn.go:625&#xA;        crypto/tls.(*Conn).readRecord(...)&#xA;          /usr/local/Cellar/go/1.21.1/libexec/src/crypto/tls/conn.go:587&#xA;        crypto/tls.(*Conn).Read(0xc0001d6380, {0xc000539000, 0x1000, 0x15e35c5?})&#xA;          /usr/local/Cellar/go/1.21.1/libexec/src/crypto/tls/conn.go:1369&#xA;        bufio.(*Reader).Read(0xc000055440, {0xc00052e200, 0x9, 0x34b83d0?})&#xA;          /usr/local/Cellar/go/1.21.1/libexec/src/bufio/bufio.go:244&#xA;        io.ReadAtLeast({0x27da920, 0xc000055440}, {0xc00052e200, 0x9, 0x9}, 0x9)&#xA;          /usr/local/Cellar/go/1.21.1/libexec/src/io/io.go:335&#xA;        io.ReadFull(...)&#xA;          /usr/local/Cellar/go/1.21.1/libexec/src/io/io.go:354&#xA;        golang.org/x/net/http2.readFrameHeader({0xc00052e200, 0x9, 0xc000502000?}, {0x27da920?, 0xc000055440?})&#xA;          /Users/rokej/go/src/github.com/rokej/hypershift-addon-operator/vendor/golang.org/x/net/http2/frame.go:237&#xA;        golang.org/x/net/http2.(*Framer).ReadFrame(0xc00052e1c0)&#xA;          /Users/rokej/go/src/github.com/rokej/hypershift-addon-operator/vendor/golang.org/x/net/http2/frame.go:498&#xA;        golang.org/x/net/http2.(*clientConnReadLoop).run(0xc0004bdf98)&#xA;          /Users/rokej/go/src/github.com/rokej/hypershift-addon-operator/vendor/golang.org/x/net/http2/transport.go:2275&#xA;        golang.org/x/net/http2.(*ClientConn).readLoop(0xc00052a180)&#xA;          /Users/rokej/go/src/github.com/rokej/hypershift-addon-operator/vendor/golang.org/x/net/http2/transport.go:2170&#xA;        golang.org/x/net/http2.(*Transport).newClientConn in goroutine 51&#xA;          /Users/rokej/go/src/github.com/rokej/hypershift-addon-operator/vendor/golang.org/x/net/http2/transport.go:821&#xA;</error>
              <system-err>&gt; Enter [BeforeEach] Install - /Users/rokej/go/src/github.com/rokej/hypershift-addon-operator/test/e2e/install_test.go:89 @ 04/29/24 15:40:29.344&#xA;STEP: Create hypershift OIDC provider secret for local-cluster - /Users/rokej/go/src/github.com/rokej/hypershift-addon-operator/test/e2e/install_test.go:45 @ 04/29/24 15:40:29.344&#xA;&lt; Exit [BeforeEach] Install - /Users/rokej/go/src/github.com/rokej/hypershift-addon-operator/test/e2e/install_test.go:89 @ 04/29/24 15:40:29.385 (41ms)&#xA;&gt; Enter [BeforeEach] install hypershift operator - /Users/rokej/go/src/github.com/rokej/hypershift-addon-operator/test/e2e/install_test.go:105 @ 04/29/24 15:40:29.385&#xA;STEP: Create hypershift managed cluster addon for local-cluster, installNamespace:open-cluster-management-agent-addon - /Users/rokej/go/src/github.com/rokej/hypershift-addon-operator/test/e2e/install_test.go:24 @ 04/29/24 15:40:29.385&#xA;&lt; Exit [BeforeEach] install hypershift operator - /Users/rokej/go/src/github.com/rokej/hypershift-addon-operator/test/e2e/install_test.go:105 @ 04/29/24 15:40:29.422 (37ms)&#xA;&gt; Enter [It] did not exist - /Users/rokej/go/src/github.com/rokej/hypershift-addon-operator/test/e2e/install_test.go:132 @ 04/29/24 15:40:29.422&#xA;STEP: Check the addon agent installation - /Users/rokej/go/src/github.com/rokej/hypershift-addon-operator/test/e2e/install_test.go:134 @ 04/29/24 15:40:29.422&#xA;STEP: Addon agent not found, checking manager logs - /Users/rokej/go/src/github.com/rokej/hypershift-addon-operator/test/e2e/install_test.go:139 @ 04/29/24 15:40:29.455&#xA;STEP: Found addon manager podhypershift-addon-manager-79c9d96f74-qmwdc - /Users/rokej/go/src/github.com/rokej/hypershift-addon-operator/test/e2e/install_test.go:151 @ 04/29/24 15:40:29.538&#xA;STEP: Addon manager logs: W0429 19:39:34.186586       1 cmd.go:245] Using insecure, self-signed certificates&#xA;I0429 19:39:34.430529       1 observer_polling.go:159] Starting file observer&#xA;W0429 19:39:34.440464       1 builder.go:267] unable to get owner reference (falling back to namespace): pods is forbidden: User &#34;system:serviceaccount:multicluster-engine:hypershift-addon-manager-sa&#34; cannot list resource &#34;pods&#34; in API group &#34;&#34; in the namespace &#34;multicluster-engine&#34;&#xA;I0429 19:39:34.440605       1 builder.go:299] hypershift-addon version v0.0.0-master+$Format:%H$-$Format:%H$&#xA;I0429 19:39:35.025950       1 secure_serving.go:57] Forcing use of http/1.1 only&#xA;W0429 19:39:35.026057       1 secure_serving.go:69] Use of insecure cipher &#39;TLS_ECDHE_ECDSA_WITH_AES_128_CBC_SHA256&#39; detected.&#xA;W0429 19:39:35.026072       1 secure_serving.go:69] Use of insecure cipher &#39;TLS_ECDHE_RSA_WITH_AES_128_CBC_SHA256&#39; detected.&#xA;I0429 19:39:35.039015       1 base_controller.go:34] Waiting for caches to sync for addon-deploy-controller&#xA;I0429 19:39:35.039075       1 base_controller.go:34] Waiting for caches to sync for addon-configuration-controller&#xA;I0429 19:39:35.039085       1 base_controller.go:34] Waiting for caches to sync for addon-registration-controller&#xA;I0429 19:39:35.039098       1 base_controller.go:34] Waiting for caches to sync for addon-owner-controller&#xA;I0429 19:39:35.039101       1 base_controller.go:34] Waiting for caches to sync for addon-install-controller&#xA;I0429 19:39:35.039112       1 base_controller.go:34] Waiting for caches to sync for addon-config-controller&#xA;I0429 19:39:35.039125       1 base_controller.go:34] Waiting for caches to sync for management-addon-config-controller&#xA;I0429 19:39:35.039073       1 base_controller.go:34] Waiting for caches to sync for management-addon-controller&#xA;I0429 19:39:35.039361       1 base_controller.go:34] Waiting for caches to sync for CSRApprovingController&#xA;I0429 19:39:35.039382       1 base_controller.go:34] Waiting for caches to sync for CSRApprovingController&#xA;I0429 19:39:35.046653       1 requestheader_controller.go:169] Starting RequestHeaderAuthRequestController&#xA;I0429 19:39:35.046704       1 shared_informer.go:311] Waiting for caches to sync for RequestHeaderAuthRequestController&#xA;I0429 19:39:35.046739       1 configmap_cafile_content.go:202] &#34;Starting controller&#34; name=&#34;client-ca::kube-system::extension-apiserver-authentication::client-ca-file&#34;&#xA;I0429 19:39:35.046759       1 shared_informer.go:311] Waiting for caches to sync for client-ca::kube-system::extension-apiserver-authentication::client-ca-file&#xA;I0429 19:39:35.046779       1 configmap_cafile_content.go:202] &#34;Starting controller&#34; name=&#34;client-ca::kube-system::extension-apiserver-authentication::requestheader-client-ca-file&#34;&#xA;I0429 19:39:35.046789       1 shared_informer.go:311] Waiting for caches to sync for client-ca::kube-system::extension-apiserver-authentication::requestheader-client-ca-file&#xA;I0429 19:39:35.047391       1 dynamic_serving_content.go:132] &#34;Starting controller&#34; name=&#34;serving-cert::/tmp/serving-cert-993586889/tls.crt::/tmp/serving-cert-993586889/tls.key&#34;&#xA;I0429 19:39:35.048149       1 secure_serving.go:213] Serving securely on [::]:8443&#xA;I0429 19:39:35.048233       1 tlsconfig.go:240] &#34;Starting DynamicServingCertificateController&#34;&#xA;2024-04-29T19:39:35.095Z&#x9;INFO&#x9;manager&#x9;manager/cli_download_install.go:113&#x9;MCE CSV found multicluster-engine.v2.6.0&#xA;2024-04-29T19:39:35.095Z&#x9;INFO&#x9;manager&#x9;manager/cli_download_install.go:60&#x9;the hcp CLI download image was not found in the CSV. Skip enabling the hcp CLI download&#xA;I0429 19:39:35.139212       1 base_controller.go:40] Caches are synced for management-addon-controller &#xA;I0429 19:39:35.139234       1 base_controller.go:40] Caches are synced for addon-deploy-controller &#xA;I0429 19:39:35.139240       1 base_controller.go:78] Starting #1 worker of management-addon-controller controller ...&#xA;I0429 19:39:35.139244       1 base_controller.go:78] Starting #1 worker of addon-deploy-controller controller ...&#xA;I0429 19:39:35.139244       1 base_controller.go:40] Caches are synced for addon-install-controller &#xA;I0429 19:39:35.139259       1 base_controller.go:40] Caches are synced for addon-configuration-controller &#xA;I0429 19:39:35.139261       1 base_controller.go:78] Starting #1 worker of addon-install-controller controller ...&#xA;I0429 19:39:35.139264       1 base_controller.go:78] Starting #1 worker of addon-configuration-controller controller ...&#xA;I0429 19:39:35.139294       1 base_controller.go:40] Caches are synced for addon-config-controller &#xA;I0429 19:39:35.139301       1 base_controller.go:78] Starting #1 worker of addon-config-controller controller ...&#xA;I0429 19:39:35.139221       1 base_controller.go:40] Caches are synced for addon-owner-controller &#xA;I0429 19:39:35.139295       1 base_controller.go:40] Caches are synced for addon-registration-controller &#xA;I0429 19:39:35.139312       1 base_controller.go:78] Starting #1 worker of addon-owner-controller controller ...&#xA;I0429 19:39:35.139315       1 base_controller.go:78] Starting #1 worker of addon-registration-controller controller ...&#xA;I0429 19:39:35.139303       1 base_controller.go:40] Caches are synced for management-addon-config-controller &#xA;I0429 19:39:35.139406       1 base_controller.go:78] Starting #1 worker of management-addon-config-controller controller ...&#xA;I0429 19:39:35.139442       1 base_controller.go:40] Caches are synced for CSRApprovingController &#xA;I0429 19:39:35.139453       1 base_controller.go:78] Starting #1 worker of CSRApprovingController controller ...&#xA;I0429 19:39:35.140064       1 base_controller.go:40] Caches are synced for CSRApprovingController &#xA;I0429 19:39:35.140126       1 base_controller.go:78] Starting #1 worker of CSRApprovingController controller ...&#xA;I0429 19:39:35.147504       1 shared_informer.go:318] Caches are synced for client-ca::kube-system::extension-apiserver-authentication::requestheader-client-ca-file&#xA;I0429 19:39:35.147532       1 shared_informer.go:318] Caches are synced for RequestHeaderAuthRequestController&#xA;I0429 19:39:35.147552       1 shared_informer.go:318] Caches are synced for client-ca::kube-system::extension-apiserver-authentication::client-ca-file&#xA;W0429 19:40:29.507174       1 controller.go:99] OwnerReferences is not set for &#34;local-cluster/hypershift-addon&#34;&#xA;W0429 19:40:29.515959       1 controller.go:99] OwnerReferences is not set for &#34;local-cluster/hypershift-addon&#34;&#xA;W0429 19:40:29.525642       1 controller.go:99] OwnerReferences is not set for &#34;local-cluster/hypershift-addon&#34;&#xA;E0429 19:40:29.527910       1 base_controller.go:159] &#34;addon-config-controller&#34; controller failed to sync &#34;local-cluster/hypershift-addon&#34;, err: Operation cannot be fulfilled on managedclusteraddons.addon.open-cluster-management.io &#34;hypershift-addon&#34;: the object has been modified; please apply your changes to the latest version and try again&#xA;W0429 19:40:29.534084       1 controller.go:99] OwnerReferences is not set for &#34;local-cluster/hypershift-addon&#34;&#xA;I0429 19:40:29.562072       1 event.go:364] Event(v1.ObjectReference{Kind:&#34;Namespace&#34;, Namespace:&#34;multicluster-engine&#34;, Name:&#34;multicluster-engine&#34;, UID:&#34;&#34;, APIVersion:&#34;v1&#34;, ResourceVersion:&#34;&#34;, FieldPath:&#34;&#34;}): type: &#39;Normal&#39; reason: &#39;ClusterRoleBindingUpdated&#39; Updated ClusterRoleBinding.rbac.authorization.k8s.io/open-cluster-management:hypershift-addon:local-cluster:agent -n local-cluster because it changed&#xA;I0429 19:40:29.587011       1 event.go:364] Event(v1.ObjectReference{Kind:&#34;Namespace&#34;, Namespace:&#34;multicluster-engine&#34;, Name:&#34;multicluster-engine&#34;, UID:&#34;&#34;, APIVersion:&#34;v1&#34;, ResourceVersion:&#34;&#34;, FieldPath:&#34;&#34;}): type: &#39;Normal&#39; reason: &#39;ClusterRoleBindingUpdated&#39; Updated ClusterRoleBinding.rbac.authorization.k8s.io/open-cluster-management:hypershift-addon:local-cluster:agent -n local-cluster because it changed&#xA;I0429 19:40:29.653121       1 event.go:364] Event(v1.ObjectReference{Kind:&#34;Namespace&#34;, Namespace:&#34;multicluster-engine&#34;, Name:&#34;multicluster-engine&#34;, UID:&#34;&#34;, APIVersion:&#34;v1&#34;, ResourceVersion:&#34;&#34;, FieldPath:&#34;&#34;}): type: &#39;Normal&#39; reason: &#39;ClusterRoleBindingUpdated&#39; Updated ClusterRoleBinding.rbac.authorization.k8s.io/open-cluster-management:hypershift-addon:local-cluster:agent -n local-cluster because it changed&#xA; - /Users/rokej/go/src/github.com/rokej/hypershift-addon-operator/test/e2e/install_test.go:162 @ 04/29/24 15:40:29.595&#xA;STEP: Addon agent not found, checking manager logs - /Users/rokej/go/src/github.com/rokej/hypershift-addon-operator/test/e2e/install_test.go:139 @ 04/29/24 15:40:31.637&#xA;STEP: Found addon manager podhypershift-addon-manager-79c9d96f74-qmwdc - /Users/rokej/go/src/github.com/rokej/hypershift-addon-operator/test/e2e/install_test.go:151 @ 04/29/24 15:40:31.745&#xA;STEP: Addon manager logs: W0429 19:39:34.186586       1 cmd.go:245] Using insecure, self-signed certificates&#xA;I0429 19:39:34.430529       1 observer_polling.go:159] Starting file observer&#xA;W0429 19:39:34.440464       1 builder.go:267] unable to get owner reference (falling back to namespace): pods is forbidden: User &#34;system:serviceaccount:multicluster-engine:hypershift-addon-manager-sa&#34; cannot list resource &#34;pods&#34; in API group &#34;&#34; in the namespace &#34;multicluster-engine&#34;&#xA;I0429 19:39:34.440605       1 builder.go:299] hypershift-addon version v0.0.0-master+$Format:%H$-$Format:%H$&#xA;I0429 19:39:35.025950       1 secure_serving.go:57] Forcing use of http/1.1 only&#xA;W0429 19:39:35.026057       1 secure_serving.go:69] Use of insecure cipher &#39;TLS_ECDHE_ECDSA_WITH_AES_128_CBC_SHA256&#39; detected.&#xA;W0429 19:39:35.026072       1 secure_serving.go:69] Use of insecure cipher &#39;TLS_ECDHE_RSA_WITH_AES_128_CBC_SHA256&#39; detected.&#xA;I0429 19:39:35.039015       1 base_controller.go:34] Waiting for caches to sync for addon-deploy-controller&#xA;I0429 19:39:35.039075       1 base_controller.go:34] Waiting for caches to sync for addon-configuration-controller&#xA;I0429 19:39:35.039085       1 base_controller.go:34] Waiting for caches to sync for addon-registration-controller&#xA;I0429 19:39:35.039098       1 base_controller.go:34] Waiting for caches to sync for addon-owner-controller&#xA;I0429 19:39:35.039101       1 base_controller.go:34] Waiting for caches to sync for addon-install-controller&#xA;I0429 19:39:35.039112       1 base_controller.go:34] Waiting for caches to sync for addon-config-controller&#xA;I0429 19:39:35.039125       1 base_controller.go:34] Waiting for caches to sync for management-addon-config-controller&#xA;I0429 19:39:35.039073       1 base_controller.go:34] Waiting for caches to sync for management-addon-controller&#xA;I0429 19:39:35.039361       1 base_controller.go:34] Waiting for caches to sync for CSRApprovingController&#xA;I0429 19:39:35.039382       1 base_controller.go:34] Waiting for caches to sync for CSRApprovingController&#xA;I0429 19:39:35.046653       1 requestheader_controller.go:169] Starting RequestHeaderAuthRequestController&#xA;I0429 19:39:35.046704       1 shared_informer.go:311] Waiting for caches to sync for RequestHeaderAuthRequestController&#xA;I0429 19:39:35.046739       1 configmap_cafile_content.go:202] &#34;Starting controller&#34; name=&#34;client-ca::kube-system::extension-apiserver-authentication::client-ca-file&#34;&#xA;I0429 19:39:35.046759       1 shared_informer.go:311] Waiting for caches to sync for client-ca::kube-system::extension-apiserver-authentication::client-ca-file&#xA;I0429 19:39:35.046779       1 configmap_cafile_content.go:202] &#34;Starting controller&#34; name=&#34;client-ca::kube-system::extension-apiserver-authentication::requestheader-client-ca-file&#34;&#xA;I0429 19:39:35.046789       1 shared_informer.go:311] Waiting for caches to sync for client-ca::kube-system::extension-apiserver-authentication::requestheader-client-ca-file&#xA;I0429 19:39:35.047391       1 dynamic_serving_content.go:132] &#34;Starting controller&#34; name=&#34;serving-cert::/tmp/serving-cert-993586889/tls.crt::/tmp/serving-cert-993586889/tls.key&#34;&#xA;I0429 19:39:35.048149       1 secure_serving.go:213] Serving securely on [::]:8443&#xA;I0429 19:39:35.048233       1 tlsconfig.go:240] &#34;Starting DynamicServingCertificateController&#34;&#xA;2024-04-29T19:39:35.095Z&#x9;INFO&#x9;manager&#x9;manager/cli_download_install.go:113&#x9;MCE CSV found multicluster-engine.v2.6.0&#xA;2024-04-29T19:39:35.095Z&#x9;INFO&#x9;manager&#x9;manager/cli_download_install.go:60&#x9;the hcp CLI download image was not found in the CSV. Skip enabling the hcp CLI download&#xA;I0429 19:39:35.139212       1 base_controller.go:40] Caches are synced for management-addon-controller &#xA;I0429 19:39:35.139234       1 base_controller.go:40] Caches are synced for addon-deploy-controller &#xA;I0429 19:39:35.139240       1 base_controller.go:78] Starting #1 worker of management-addon-controller controller ...&#xA;I0429 19:39:35.139244       1 base_controller.go:78] Starting #1 worker of addon-deploy-controller controller ...&#xA;I0429 19:39:35.139244       1 base_controller.go:40] Caches are synced for addon-install-controller &#xA;I0429 19:39:35.139259       1 base_controller.go:40] Caches are synced for addon-configuration-controller &#xA;I0429 19:39:35.139261       1 base_controller.go:78] Starting #1 worker of addon-install-controller controller ...&#xA;I0429 19:39:35.139264       1 base_controller.go:78] Starting #1 worker of addon-configuration-controller controller ...&#xA;I0429 19:39:35.139294       1 base_controller.go:40] Caches are synced for addon-config-controller &#xA;I0429 19:39:35.139301       1 base_controller.go:78] Starting #1 worker of addon-config-controller controller ...&#xA;I0429 19:39:35.139221       1 base_controller.go:40] Caches are synced for addon-owner-controller &#xA;I0429 19:39:35.139295       1 base_controller.go:40] Caches are synced for addon-registration-controller &#xA;I0429 19:39:35.139312       1 base_controller.go:78] Starting #1 worker of addon-owner-controller controller ...&#xA;I0429 19:39:35.139315       1 base_controller.go:78] Starting #1 worker of addon-registration-controller controller ...&#xA;I0429 19:39:35.139303       1 base_controller.go:40] Caches are synced for management-addon-config-controller &#xA;I0429 19:39:35.139406       1 base_controller.go:78] Starting #1 worker of management-addon-config-controller controller ...&#xA;I0429 19:39:35.139442       1 base_controller.go:40] Caches are synced for CSRApprovingController &#xA;I0429 19:39:35.139453       1 base_controller.go:78] Starting #1 worker of CSRApprovingController controller ...&#xA;I0429 19:39:35.140064       1 base_controller.go:40] Caches are synced for CSRApprovingController &#xA;I0429 19:39:35.140126       1 base_controller.go:78] Starting #1 worker of CSRApprovingController controller ...&#xA;I0429 19:39:35.147504       1 shared_informer.go:318] Caches are synced for client-ca::kube-system::extension-apiserver-authentication::requestheader-client-ca-file&#xA;I0429 19:39:35.147532       1 shared_informer.go:318] Caches are synced for RequestHeaderAuthRequestController&#xA;I0429 19:39:35.147552       1 shared_informer.go:318] Caches are synced for client-ca::kube-system::extension-apiserver-authentication::client-ca-file&#xA;W0429 19:40:29.507174       1 controller.go:99] OwnerReferences is not set for &#34;local-cluster/hypershift-addon&#34;&#xA;W0429 19:40:29.515959       1 controller.go:99] OwnerReferences is not set for &#34;local-cluster/hypershift-addon&#34;&#xA;W0429 19:40:29.525642       1 controller.go:99] OwnerReferences is not set for &#34;local-cluster/hypershift-addon&#34;&#xA;E0429 19:40:29.527910       1 base_controller.go:159] &#34;addon-config-controller&#34; controller failed to sync &#34;local-cluster/hypershift-addon&#34;, err: Operation cannot be fulfilled on managedclusteraddons.addon.open-cluster-management.io &#34;hypershift-addon&#34;: the object has been modified; please apply your changes to the latest version and try again&#xA;W0429 19:40:29.534084       1 controller.go:99] OwnerReferences is not set for &#34;local-cluster/hypershift-addon&#34;&#xA;I0429 19:40:29.562072       1 event.go:364] Event(v1.ObjectReference{Kind:&#34;Namespace&#34;, Namespace:&#34;multicluster-engine&#34;, Name:&#34;multicluster-engine&#34;, UID:&#34;&#34;, APIVersion:&#34;v1&#34;, ResourceVersion:&#34;&#34;, FieldPath:&#34;&#34;}): type: &#39;Normal&#39; reason: &#39;ClusterRoleBindingUpdated&#39; Updated ClusterRoleBinding.rbac.authorization.k8s.io/open-cluster-management:hypershift-addon:local-cluster:agent -n local-cluster because it changed&#xA;I0429 19:40:29.587011       1 event.go:364] Event(v1.ObjectReference{Kind:&#34;Namespace&#34;, Namespace:&#34;multicluster-engine&#34;, Name:&#34;multicluster-engine&#34;, UID:&#34;&#34;, APIVersion:&#34;v1&#34;, ResourceVersion:&#34;&#34;, FieldPath:&#34;&#34;}): type: &#39;Normal&#39; reason: &#39;ClusterRoleBindingUpdated&#39; Updated ClusterRoleBinding.rbac.authorization.k8s.io/open-cluster-management:hypershift-addon:local-cluster:agent -n local-cluster because it changed&#xA;I0429 19:40:29.653121       1 event.go:364] Event(v1.ObjectReference{Kind:&#34;Namespace&#34;, Namespace:&#34;multicluster-engine&#34;, Name:&#34;multicluster-engine&#34;, UID:&#34;&#34;, APIVersion:&#34;v1&#34;, ResourceVersion:&#34;&#34;, FieldPath:&#34;&#34;}): type: &#39;Normal&#39; reason: &#39;ClusterRoleBindingUpdated&#39; Updated ClusterRoleBinding.rbac.authorization.k8s.io/open-cluster-management:hypershift-addon:local-cluster:agent -n local-cluster because it changed&#xA;I0429 19:40:29.697905       1 csr_helpers.go:174] CSR approved&#xA;I0429 19:40:29.809590       1 event.go:364] Event(v1.ObjectReference{Kind:&#34;Namespace&#34;, Namespace:&#34;multicluster-engine&#34;, Name:&#34;multicluster-engine&#34;, UID:&#34;&#34;, APIVersion:&#34;v1&#34;, ResourceVersion:&#34;&#34;, FieldPath:&#34;&#34;}): type: &#39;Normal&#39; reason: &#39;ClusterRoleBindingUpdated&#39; Updated ClusterRoleBinding.rbac.authorization.k8s.io/open-cluster-management:hypershift-addon:local-cluster:agent -n local-cluster because it changed&#xA; - /Users/rokej/go/src/github.com/rokej/hypershift-addon-operator/test/e2e/install_test.go:162 @ 04/29/24 15:40:31.783&#xA;STEP: Addon agent not found, checking manager logs - /Users/rokej/go/src/github.com/rokej/hypershift-addon-operator/test/e2e/install_test.go:139 @ 04/29/24 15:40:33.817&#xA;STEP: Found addon manager podhypershift-addon-manager-79c9d96f74-qmwdc - /Users/rokej/go/src/github.com/rokej/hypershift-addon-operator/test/e2e/install_test.go:151 @ 04/29/24 15:40:33.926&#xA;STEP: Addon manager logs: W0429 19:39:34.186586       1 cmd.go:245] Using insecure, self-signed certificates&#xA;I0429 19:39:34.430529       1 observer_polling.go:159] Starting file observer&#xA;W0429 19:39:34.440464       1 builder.go:267] unable to get owner reference (falling back to namespace): pods is forbidden: User &#34;system:serviceaccount:multicluster-engine:hypershift-addon-manager-sa&#34; cannot list resource &#34;pods&#34; in API group &#34;&#34; in the namespace &#34;multicluster-engine&#34;&#xA;I0429 19:39:34.440605       1 builder.go:299] hypershift-addon version v0.0.0-master+$Format:%H$-$Format:%H$&#xA;I0429 19:39:35.025950       1 secure_serving.go:57] Forcing use of http/1.1 only&#xA;W0429 19:39:35.026057       1 secure_serving.go:69] Use of insecure cipher &#39;TLS_ECDHE_ECDSA_WITH_AES_128_CBC_SHA256&#39; detected.&#xA;W0429 19:39:35.026072       1 secure_serving.go:69] Use of insecure cipher &#39;TLS_ECDHE_RSA_WITH_AES_128_CBC_SHA256&#39; detected.&#xA;I0429 19:39:35.039015       1 base_controller.go:34] Waiting for caches to sync for addon-deploy-controller&#xA;I0429 19:39:35.039075       1 base_controller.go:34] Waiting for caches to sync for addon-configuration-controller&#xA;I0429 19:39:35.039085       1 base_controller.go:34] Waiting for caches to sync for addon-registration-controller&#xA;I0429 19:39:35.039098       1 base_controller.go:34] Waiting for caches to sync for addon-owner-controller&#xA;I0429 19:39:35.039101       1 base_controller.go:34] Waiting for caches to sync for addon-install-controller&#xA;I0429 19:39:35.039112       1 base_controller.go:34] Waiting for caches to sync for addon-config-controller&#xA;I0429 19:39:35.039125       1 base_controller.go:34] Waiting for caches to sync for management-addon-config-controller&#xA;I0429 19:39:35.039073       1 base_controller.go:34] Waiting for caches to sync for management-addon-controller&#xA;I0429 19:39:35.039361       1 base_controller.go:34] Waiting for caches to sync for CSRApprovingController&#xA;I0429 19:39:35.039382       1 base_controller.go:34] Waiting for caches to sync for CSRApprovingController&#xA;I0429 19:39:35.046653       1 requestheader_controller.go:169] Starting RequestHeaderAuthRequestController&#xA;I0429 19:39:35.046704       1 shared_informer.go:311] Waiting for caches to sync for RequestHeaderAuthRequestController&#xA;I0429 19:39:35.046739       1 configmap_cafile_content.go:202] &#34;Starting controller&#34; name=&#34;client-ca::kube-system::extension-apiserver-authentication::client-ca-file&#34;&#xA;I0429 19:39:35.046759       1 shared_informer.go:311] Waiting for caches to sync for client-ca::kube-system::extension-apiserver-authentication::client-ca-file&#xA;I0429 19:39:35.046779       1 configmap_cafile_content.go:202] &#34;Starting controller&#34; name=&#34;client-ca::kube-system::extension-apiserver-authentication::requestheader-client-ca-file&#34;&#xA;I0429 19:39:35.046789       1 shared_informer.go:311] Waiting for caches to sync for client-ca::kube-system::extension-apiserver-authentication::requestheader-client-ca-file&#xA;I0429 19:39:35.047391       1 dynamic_serving_content.go:132] &#34;Starting controller&#34; name=&#34;serving-cert::/tmp/serving-cert-993586889/tls.crt::/tmp/serving-cert-993586889/tls.key&#34;&#xA;I0429 19:39:35.048149       1 secure_serving.go:213] Serving securely on [::]:8443&#xA;I0429 19:39:35.048233       1 tlsconfig.go:240] &#34;Starting DynamicServingCertificateController&#34;&#xA;2024-04-29T19:39:35.095Z&#x9;INFO&#x9;manager&#x9;manager/cli_download_install.go:113&#x9;MCE CSV found multicluster-engine.v2.6.0&#xA;2024-04-29T19:39:35.095Z&#x9;INFO&#x9;manager&#x9;manager/cli_download_install.go:60&#x9;the hcp CLI download image was not found in the CSV. Skip enabling the hcp CLI download&#xA;I0429 19:39:35.139212       1 base_controller.go:40] Caches are synced for management-addon-controller &#xA;I0429 19:39:35.139234       1 base_controller.go:40] Caches are synced for addon-deploy-controller &#xA;I0429 19:39:35.139240       1 base_controller.go:78] Starting #1 worker of management-addon-controller controller ...&#xA;I0429 19:39:35.139244       1 base_controller.go:78] Starting #1 worker of addon-deploy-controller controller ...&#xA;I0429 19:39:35.139244       1 base_controller.go:40] Caches are synced for addon-install-controller &#xA;I0429 19:39:35.139259       1 base_controller.go:40] Caches are synced for addon-configuration-controller &#xA;I0429 19:39:35.139261       1 base_controller.go:78] Starting #1 worker of addon-install-controller controller ...&#xA;I0429 19:39:35.139264       1 base_controller.go:78] Starting #1 worker of addon-configuration-controller controller ...&#xA;I0429 19:39:35.139294       1 base_controller.go:40] Caches are synced for addon-config-controller &#xA;I0429 19:39:35.139301       1 base_controller.go:78] Starting #1 worker of addon-config-controller controller ...&#xA;I0429 19:39:35.139221       1 base_controller.go:40] Caches are synced for addon-owner-controller &#xA;I0429 19:39:35.139295       1 base_controller.go:40] Caches are synced for addon-registration-controller &#xA;I0429 19:39:35.139312       1 base_controller.go:78] Starting #1 worker of addon-owner-controller controller ...&#xA;I0429 19:39:35.139315       1 base_controller.go:78] Starting #1 worker of addon-registration-controller controller ...&#xA;I0429 19:39:35.139303       1 base_controller.go:40] Caches are synced for management-addon-config-controller &#xA;I0429 19:39:35.139406       1 base_controller.go:78] Starting #1 worker of management-addon-config-controller controller ...&#xA;I0429 19:39:35.139442       1 base_controller.go:40] Caches are synced for CSRApprovingController &#xA;I0429 19:39:35.139453       1 base_controller.go:78] Starting #1 worker of CSRApprovingController controller ...&#xA;I0429 19:39:35.140064       1 base_controller.go:40] Caches are synced for CSRApprovingController &#xA;I0429 19:39:35.140126       1 base_controller.go:78] Starting #1 worker of CSRApprovingController controller ...&#xA;I0429 19:39:35.147504       1 shared_informer.go:318] Caches are synced for client-ca::kube-system::extension-apiserver-authentication::requestheader-client-ca-file&#xA;I0429 19:39:35.147532       1 shared_informer.go:318] Caches are synced for RequestHeaderAuthRequestController&#xA;I0429 19:39:35.147552       1 shared_informer.go:318] Caches are synced for client-ca::kube-system::extension-apiserver-authentication::client-ca-file&#xA;W0429 19:40:29.507174       1 controller.go:99] OwnerReferences is not set for &#34;local-cluster/hypershift-addon&#34;&#xA;W0429 19:40:29.515959       1 controller.go:99] OwnerReferences is not set for &#34;local-cluster/hypershift-addon&#34;&#xA;W0429 19:40:29.525642       1 controller.go:99] OwnerReferences is not set for &#34;local-cluster/hypershift-addon&#34;&#xA;E0429 19:40:29.527910       1 base_controller.go:159] &#34;addon-config-controller&#34; controller failed to sync &#34;local-cluster/hypershift-addon&#34;, err: Operation cannot be fulfilled on managedclusteraddons.addon.open-cluster-management.io &#34;hypershift-addon&#34;: the object has been modified; please apply your changes to the latest version and try again&#xA;W0429 19:40:29.534084       1 controller.go:99] OwnerReferences is not set for &#34;local-cluster/hypershift-addon&#34;&#xA;I0429 19:40:29.562072       1 event.go:364] Event(v1.ObjectReference{Kind:&#34;Namespace&#34;, Namespace:&#34;multicluster-engine&#34;, Name:&#34;multicluster-engine&#34;, UID:&#34;&#34;, APIVersion:&#34;v1&#34;, ResourceVersion:&#34;&#34;, FieldPath:&#34;&#34;}): type: &#39;Normal&#39; reason: &#39;ClusterRoleBindingUpdated&#39; Updated ClusterRoleBinding.rbac.authorization.k8s.io/open-cluster-management:hypershift-addon:local-cluster:agent -n local-cluster because it changed&#xA;I0429 19:40:29.587011       1 event.go:364] Event(v1.ObjectReference{Kind:&#34;Namespace&#34;, Namespace:&#34;multicluster-engine&#34;, Name:&#34;multicluster-engine&#34;, UID:&#34;&#34;, APIVersion:&#34;v1&#34;, ResourceVersion:&#34;&#34;, FieldPath:&#34;&#34;}): type: &#39;Normal&#39; reason: &#39;ClusterRoleBindingUpdated&#39; Updated ClusterRoleBinding.rbac.authorization.k8s.io/open-cluster-management:hypershift-addon:local-cluster:agent -n local-cluster because it changed&#xA;I0429 19:40:29.653121       1 event.go:364] Event(v1.ObjectReference{Kind:&#34;Namespace&#34;, Namespace:&#34;multicluster-engine&#34;, Name:&#34;multicluster-engine&#34;, UID:&#34;&#34;, APIVersion:&#34;v1&#34;, ResourceVersion:&#34;&#34;, FieldPath:&#34;&#34;}): type: &#39;Normal&#39; reason: &#39;ClusterRoleBindingUpdated&#39; Updated ClusterRoleBinding.rbac.authorization.k8s.io/open-cluster-management:hypershift-addon:local-cluster:agent -n local-cluster because it changed&#xA;I0429 19:40:29.697905       1 csr_helpers.go:174] CSR approved&#xA;I0429 19:40:29.809590       1 event.go:364] Event(v1.ObjectReference{Kind:&#34;Namespace&#34;, Namespace:&#34;multicluster-engine&#34;, Name:&#34;multicluster-engine&#34;, UID:&#34;&#34;, APIVersion:&#34;v1&#34;, ResourceVersion:&#34;&#34;, FieldPath:&#34;&#34;}): type: &#39;Normal&#39; reason: &#39;ClusterRoleBindingUpdated&#39; Updated ClusterRoleBinding.rbac.authorization.k8s.io/open-cluster-management:hypershift-addon:local-cluster:agent -n local-cluster because it changed&#xA; - /Users/rokej/go/src/github.com/rokej/hypershift-addon-operator/test/e2e/install_test.go:162 @ 04/29/24 15:40:33.965&#xA;STEP: Addon agent not found, checking manager logs - /Users/rokej/go/src/github.com/rokej/hypershift-addon-operator/test/e2e/install_test.go:139 @ 04/29/24 15:40:36.001&#xA;STEP: Found addon manager podhypershift-addon-manager-79c9d96f74-qmwdc - /Users/rokej/go/src/github.com/rokej/hypershift-addon-operator/test/e2e/install_test.go:151 @ 04/29/24 15:40:36.11&#xA;STEP: Addon manager logs: W0429 19:39:34.186586       1 cmd.go:245] Using insecure, self-signed certificates&#xA;I0429 19:39:34.430529       1 observer_polling.go:159] Starting file observer&#xA;W0429 19:39:34.440464       1 builder.go:267] unable to get owner reference (falling back to namespace): pods is forbidden: User &#34;system:serviceaccount:multicluster-engine:hypershift-addon-manager-sa&#34; cannot list resource &#34;pods&#34; in API group &#34;&#34; in the namespace &#34;multicluster-engine&#34;&#xA;I0429 19:39:34.440605       1 builder.go:299] hypershift-addon version v0.0.0-master+$Format:%H$-$Format:%H$&#xA;I0429 19:39:35.025950       1 secure_serving.go:57] Forcing use of http/1.1 only&#xA;W0429 19:39:35.026057       1 secure_serving.go:69] Use of insecure cipher &#39;TLS_ECDHE_ECDSA_WITH_AES_128_CBC_SHA256&#39; detected.&#xA;W0429 19:39:35.026072       1 secure_serving.go:69] Use of insecure cipher &#39;TLS_ECDHE_RSA_WITH_AES_128_CBC_SHA256&#39; detected.&#xA;I0429 19:39:35.039015       1 base_controller.go:34] Waiting for caches to sync for addon-deploy-controller&#xA;I0429 19:39:35.039075       1 base_controller.go:34] Waiting for caches to sync for addon-configuration-controller&#xA;I0429 19:39:35.039085       1 base_controller.go:34] Waiting for caches to sync for addon-registration-controller&#xA;I0429 19:39:35.039098       1 base_controller.go:34] Waiting for caches to sync for addon-owner-controller&#xA;I0429 19:39:35.039101       1 base_controller.go:34] Waiting for caches to sync for addon-install-controller&#xA;I0429 19:39:35.039112       1 base_controller.go:34] Waiting for caches to sync for addon-config-controller&#xA;I0429 19:39:35.039125       1 base_controller.go:34] Waiting for caches to sync for management-addon-config-controller&#xA;I0429 19:39:35.039073       1 base_controller.go:34] Waiting for caches to sync for management-addon-controller&#xA;I0429 19:39:35.039361       1 base_controller.go:34] Waiting for caches to sync for CSRApprovingController&#xA;I0429 19:39:35.039382       1 base_controller.go:34] Waiting for caches to sync for CSRApprovingController&#xA;I0429 19:39:35.046653       1 requestheader_controller.go:169] Starting RequestHeaderAuthRequestController&#xA;I0429 19:39:35.046704       1 shared_informer.go:311] Waiting for caches to sync for RequestHeaderAuthRequestController&#xA;I0429 19:39:35.046739       1 configmap_cafile_content.go:202] &#34;Starting controller&#34; name=&#34;client-ca::kube-system::extension-apiserver-authentication::client-ca-file&#34;&#xA;I0429 19:39:35.046759       1 shared_informer.go:311] Waiting for caches to sync for client-ca::kube-system::extension-apiserver-authentication::client-ca-file&#xA;I0429 19:39:35.046779       1 configmap_cafile_content.go:202] &#34;Starting controller&#34; name=&#34;client-ca::kube-system::extension-apiserver-authentication::requestheader-client-ca-file&#34;&#xA;I0429 19:39:35.046789       1 shared_informer.go:311] Waiting for caches to sync for client-ca::kube-system::extension-apiserver-authentication::requestheader-client-ca-file&#xA;I0429 19:39:35.047391       1 dynamic_serving_content.go:132] &#34;Starting controller&#34; name=&#34;serving-cert::/tmp/serving-cert-993586889/tls.crt::/tmp/serving-cert-993586889/tls.key&#34;&#xA;I0429 19:39:35.048149       1 secure_serving.go:213] Serving securely on [::]:8443&#xA;I0429 19:39:35.048233       1 tlsconfig.go:240] &#34;Starting DynamicServingCertificateController&#34;&#xA;2024-04-29T19:39:35.095Z&#x9;INFO&#x9;manager&#x9;manager/cli_download_install.go:113&#x9;MCE CSV found multicluster-engine.v2.6.0&#xA;2024-04-29T19:39:35.095Z&#x9;INFO&#x9;manager&#x9;manager/cli_download_install.go:60&#x9;the hcp CLI download image was not found in the CSV. Skip enabling the hcp CLI download&#xA;I0429 19:39:35.139212       1 base_controller.go:40] Caches are synced for management-addon-controller &#xA;I0429 19:39:35.139234       1 base_controller.go:40] Caches are synced for addon-deploy-controller &#xA;I0429 19:39:35.139240       1 base_controller.go:78] Starting #1 worker of management-addon-controller controller ...&#xA;I0429 19:39:35.139244       1 base_controller.go:78] Starting #1 worker of addon-deploy-controller controller ...&#xA;I0429 19:39:35.139244       1 base_controller.go:40] Caches are synced for addon-install-controller &#xA;I0429 19:39:35.139259       1 base_controller.go:40] Caches are synced for addon-configuration-controller &#xA;I0429 19:39:35.139261       1 base_controller.go:78] Starting #1 worker of addon-install-controller controller ...&#xA;I0429 19:39:35.139264       1 base_controller.go:78] Starting #1 worker of addon-configuration-controller controller ...&#xA;I0429 19:39:35.139294       1 base_controller.go:40] Caches are synced for addon-config-controller &#xA;I0429 19:39:35.139301       1 base_controller.go:78] Starting #1 worker of addon-config-controller controller ...&#xA;I0429 19:39:35.139221       1 base_controller.go:40] Caches are synced for addon-owner-controller &#xA;I0429 19:39:35.139295       1 base_controller.go:40] Caches are synced for addon-registration-controller &#xA;I0429 19:39:35.139312       1 base_controller.go:78] Starting #1 worker of addon-owner-controller controller ...&#xA;I0429 19:39:35.139315       1 base_controller.go:78] Starting #1 worker of addon-registration-controller controller ...&#xA;I0429 19:39:35.139303       1 base_controller.go:40] Caches are synced for management-addon-config-controller &#xA;I0429 19:39:35.139406       1 base_controller.go:78] Starting #1 worker of management-addon-config-controller controller ...&#xA;I0429 19:39:35.139442       1 base_controller.go:40] Caches are synced for CSRApprovingController &#xA;I0429 19:39:35.139453       1 base_controller.go:78] Starting #1 worker of CSRApprovingController controller ...&#xA;I0429 19:39:35.140064       1 base_controller.go:40] Caches are synced for CSRApprovingController &#xA;I0429 19:39:35.140126       1 base_controller.go:78] Starting #1 worker of CSRApprovingController controller ...&#xA;I0429 19:39:35.147504       1 shared_informer.go:318] Caches are synced for client-ca::kube-system::extension-apiserver-authentication::requestheader-client-ca-file&#xA;I0429 19:39:35.147532       1 shared_informer.go:318] Caches are synced for RequestHeaderAuthRequestController&#xA;I0429 19:39:35.147552       1 shared_informer.go:318] Caches are synced for client-ca::kube-system::extension-apiserver-authentication::client-ca-file&#xA;W0429 19:40:29.507174       1 controller.go:99] OwnerReferences is not set for &#34;local-cluster/hypershift-addon&#34;&#xA;W0429 19:40:29.515959       1 controller.go:99] OwnerReferences is not set for &#34;local-cluster/hypershift-addon&#34;&#xA;W0429 19:40:29.525642       1 controller.go:99] OwnerReferences is not set for &#34;local-cluster/hypershift-addon&#34;&#xA;E0429 19:40:29.527910       1 base_controller.go:159] &#34;addon-config-controller&#34; controller failed to sync &#34;local-cluster/hypershift-addon&#34;, err: Operation cannot be fulfilled on managedclusteraddons.addon.open-cluster-management.io &#34;hypershift-addon&#34;: the object has been modified; please apply your changes to the latest version and try again&#xA;W0429 19:40:29.534084       1 controller.go:99] OwnerReferences is not set for &#34;local-cluster/hypershift-addon&#34;&#xA;I0429 19:40:29.562072       1 event.go:364] Event(v1.ObjectReference{Kind:&#34;Namespace&#34;, Namespace:&#34;multicluster-engine&#34;, Name:&#34;multicluster-engine&#34;, UID:&#34;&#34;, APIVersion:&#34;v1&#34;, ResourceVersion:&#34;&#34;, FieldPath:&#34;&#34;}): type: &#39;Normal&#39; reason: &#39;ClusterRoleBindingUpdated&#39; Updated ClusterRoleBinding.rbac.authorization.k8s.io/open-cluster-management:hypershift-addon:local-cluster:agent -n local-cluster because it changed&#xA;I0429 19:40:29.587011       1 event.go:364] Event(v1.ObjectReference{Kind:&#34;Namespace&#34;, Namespace:&#34;multicluster-engine&#34;, Name:&#34;multicluster-engine&#34;, UID:&#34;&#34;, APIVersion:&#34;v1&#34;, ResourceVersion:&#34;&#34;, FieldPath:&#34;&#34;}): type: &#39;Normal&#39; reason: &#39;ClusterRoleBindingUpdated&#39; Updated ClusterRoleBinding.rbac.authorization.k8s.io/open-cluster-management:hypershift-addon:local-cluster:agent -n local-cluster because it changed&#xA;I0429 19:40:29.653121       1 event.go:364] Event(v1.ObjectReference{Kind:&#34;Namespace&#34;, Namespace:&#34;multicluster-engine&#34;, Name:&#34;multicluster-engine&#34;, UID:&#34;&#34;, APIVersion:&#34;v1&#34;, ResourceVersion:&#34;&#34;, FieldPath:&#34;&#34;}): type: &#39;Normal&#39; reason: &#39;ClusterRoleBindingUpdated&#39; Updated ClusterRoleBinding.rbac.authorization.k8s.io/open-cluster-management:hypershift-addon:local-cluster:agent -n local-cluster because it changed&#xA;I0429 19:40:29.697905       1 csr_helpers.go:174] CSR approved&#xA;I0429 19:40:29.809590       1 event.go:364] Event(v1.ObjectReference{Kind:&#34;Namespace&#34;, Namespace:&#34;multicluster-engine&#34;, Name:&#34;multicluster-engine&#34;, UID:&#34;&#34;, APIVersion:&#34;v1&#34;, ResourceVersion:&#34;&#34;, FieldPath:&#34;&#34;}): type: &#39;Normal&#39; reason: &#39;ClusterRoleBindingUpdated&#39; Updated ClusterRoleBinding.rbac.authorization.k8s.io/open-cluster-management:hypershift-addon:local-cluster:agent -n local-cluster because it changed&#xA;I0429 19:40:35.874969       1 event.go:364] Event(v1.ObjectReference{Kind:&#34;Namespace&#34;, Namespace:&#34;multicluster-engine&#34;, Name:&#34;multicluster-engine&#34;, UID:&#34;&#34;, APIVersion:&#34;v1&#34;, ResourceVersion:&#34;&#34;, FieldPath:&#34;&#34;}): type: &#39;Normal&#39; reason: &#39;ClusterRoleBindingUpdated&#39; Updated ClusterRoleBinding.rbac.authorization.k8s.io/open-cluster-management:hypershift-addon:local-cluster:agent -n local-cluster because it changed&#xA;I0429 19:40:35.916966       1 event.go:364] Event(v1.ObjectReference{Kind:&#34;Namespace&#34;, Namespace:&#34;multicluster-engine&#34;, Name:&#34;multicluster-engine&#34;, UID:&#34;&#34;, APIVersion:&#34;v1&#34;, ResourceVersion:&#34;&#34;, FieldPath:&#34;&#34;}): type: &#39;Normal&#39; reason: &#39;ClusterRoleBindingUpdated&#39; Updated ClusterRoleBinding.rbac.authorization.k8s.io/open-cluster-management:hypershift-addon:local-cluster:agent -n local-cluster because it changed&#xA;E0429 19:40:35.926558       1 base_controller.go:159] &#34;addon-deploy-controller&#34; controller failed to sync &#34;local-cluster/hypershift-addon&#34;, err: Operation cannot be fulfilled on managedclusteraddons.addon.open-cluster-management.io &#34;hypershift-addon&#34;: the object has been modified; please apply your changes to the latest version and try again&#xA; - /Users/rokej/go/src/github.com/rokej/hypershift-addon-operator/test/e2e/install_test.go:162 @ 04/29/24 15:40:36.145&#xA;STEP: Addon agent not found, checking manager logs - /Users/rokej/go/src/github.com/rokej/hypershift-addon-operator/test/e2e/install_test.go:139 @ 04/29/24 15:40:38.18&#xA;STEP: Found addon manager podhypershift-addon-manager-79c9d96f74-qmwdc - /Users/rokej/go/src/github.com/rokej/hypershift-addon-operator/test/e2e/install_test.go:151 @ 04/29/24 15:40:38.287&#xA;STEP: Addon manager logs: W0429 19:39:34.186586       1 cmd.go:245] Using insecure, self-signed certificates&#xA;I0429 19:39:34.430529       1 observer_polling.go:159] Starting file observer&#xA;W0429 19:39:34.440464       1 builder.go:267] unable to get owner reference (falling back to namespace): pods is forbidden: User &#34;system:serviceaccount:multicluster-engine:hypershift-addon-manager-sa&#34; cannot list resource &#34;pods&#34; in API group &#34;&#34; in the namespace &#34;multicluster-engine&#34;&#xA;I0429 19:39:34.440605       1 builder.go:299] hypershift-addon version v0.0.0-master+$Format:%H$-$Format:%H$&#xA;I0429 19:39:35.025950       1 secure_serving.go:57] Forcing use of http/1.1 only&#xA;W0429 19:39:35.026057       1 secure_serving.go:69] Use of insecure cipher &#39;TLS_ECDHE_ECDSA_WITH_AES_128_CBC_SHA256&#39; detected.&#xA;W0429 19:39:35.026072       1 secure_serving.go:69] Use of insecure cipher &#39;TLS_ECDHE_RSA_WITH_AES_128_CBC_SHA256&#39; detected.&#xA;I0429 19:39:35.039015       1 base_controller.go:34] Waiting for caches to sync for addon-deploy-controller&#xA;I0429 19:39:35.039075       1 base_controller.go:34] Waiting for caches to sync for addon-configuration-controller&#xA;I0429 19:39:35.039085       1 base_controller.go:34] Waiting for caches to sync for addon-registration-controller&#xA;I0429 19:39:35.039098       1 base_controller.go:34] Waiting for caches to sync for addon-owner-controller&#xA;I0429 19:39:35.039101       1 base_controller.go:34] Waiting for caches to sync for addon-install-controller&#xA;I0429 19:39:35.039112       1 base_controller.go:34] Waiting for caches to sync for addon-config-controller&#xA;I0429 19:39:35.039125       1 base_controller.go:34] Waiting for caches to sync for management-addon-config-controller&#xA;I0429 19:39:35.039073       1 base_controller.go:34] Waiting for caches to sync for management-addon-controller&#xA;I0429 19:39:35.039361       1 base_controller.go:34] Waiting for caches to sync for CSRApprovingController&#xA;I0429 19:39:35.039382       1 base_controller.go:34] Waiting for caches to sync for CSRApprovingController&#xA;I0429 19:39:35.046653       1 requestheader_controller.go:169] Starting RequestHeaderAuthRequestController&#xA;I0429 19:39:35.046704       1 shared_informer.go:311] Waiting for caches to sync for RequestHeaderAuthRequestController&#xA;I0429 19:39:35.046739       1 configmap_cafile_content.go:202] &#34;Starting controller&#34; name=&#34;client-ca::kube-system::extension-apiserver-authentication::client-ca-file&#34;&#xA;I0429 19:39:35.046759       1 shared_informer.go:311] Waiting for caches to sync for client-ca::kube-system::extension-apiserver-authentication::client-ca-file&#xA;I0429 19:39:35.046779       1 configmap_cafile_content.go:202] &#34;Starting controller&#34; name=&#34;client-ca::kube-system::extension-apiserver-authentication::requestheader-client-ca-file&#34;&#xA;I0429 19:39:35.046789       1 shared_informer.go:311] Waiting for caches to sync for client-ca::kube-system::extension-apiserver-authentication::requestheader-client-ca-file&#xA;I0429 19:39:35.047391       1 dynamic_serving_content.go:132] &#34;Starting controller&#34; name=&#34;serving-cert::/tmp/serving-cert-993586889/tls.crt::/tmp/serving-cert-993586889/tls.key&#34;&#xA;I0429 19:39:35.048149       1 secure_serving.go:213] Serving securely on [::]:8443&#xA;I0429 19:39:35.048233       1 tlsconfig.go:240] &#34;Starting DynamicServingCertificateController&#34;&#xA;2024-04-29T19:39:35.095Z&#x9;INFO&#x9;manager&#x9;manager/cli_download_install.go:113&#x9;MCE CSV found multicluster-engine.v2.6.0&#xA;2024-04-29T19:39:35.095Z&#x9;INFO&#x9;manager&#x9;manager/cli_download_install.go:60&#x9;the hcp CLI download image was not found in the CSV. Skip enabling the hcp CLI download&#xA;I0429 19:39:35.139212       1 base_controller.go:40] Caches are synced for management-addon-controller &#xA;I0429 19:39:35.139234       1 base_controller.go:40] Caches are synced for addon-deploy-controller &#xA;I0429 19:39:35.139240       1 base_controller.go:78] Starting #1 worker of management-addon-controller controller ...&#xA;I0429 19:39:35.139244       1 base_controller.go:78] Starting #1 worker of addon-deploy-controller controller ...&#xA;I0429 19:39:35.139244       1 base_controller.go:40] Caches are synced for addon-install-controller &#xA;I0429 19:39:35.139259       1 base_controller.go:40] Caches are synced for addon-configuration-controller &#xA;I0429 19:39:35.139261       1 base_controller.go:78] Starting #1 worker of addon-install-controller controller ...&#xA;I0429 19:39:35.139264       1 base_controller.go:78] Starting #1 worker of addon-configuration-controller controller ...&#xA;I0429 19:39:35.139294       1 base_controller.go:40] Caches are synced for addon-config-controller &#xA;I0429 19:39:35.139301       1 base_controller.go:78] Starting #1 worker of addon-config-controller controller ...&#xA;I0429 19:39:35.139221       1 base_controller.go:40] Caches are synced for addon-owner-controller &#xA;I0429 19:39:35.139295       1 base_controller.go:40] Caches are synced for addon-registration-controller &#xA;I0429 19:39:35.139312       1 base_controller.go:78] Starting #1 worker of addon-owner-controller controller ...&#xA;I0429 19:39:35.139315       1 base_controller.go:78] Starting #1 worker of addon-registration-controller controller ...&#xA;I0429 19:39:35.139303       1 base_controller.go:40] Caches are synced for management-addon-config-controller &#xA;I0429 19:39:35.139406       1 base_controller.go:78] Starting #1 worker of management-addon-config-controller controller ...&#xA;I0429 19:39:35.139442       1 base_controller.go:40] Caches are synced for CSRApprovingController &#xA;I0429 19:39:35.139453       1 base_controller.go:78] Starting #1 worker of CSRApprovingController controller ...&#xA;I0429 19:39:35.140064       1 base_controller.go:40] Caches are synced for CSRApprovingController &#xA;I0429 19:39:35.140126       1 base_controller.go:78] Starting #1 worker of CSRApprovingController controller ...&#xA;I0429 19:39:35.147504       1 shared_informer.go:318] Caches are synced for client-ca::kube-system::extension-apiserver-authentication::requestheader-client-ca-file&#xA;I0429 19:39:35.147532       1 shared_informer.go:318] Caches are synced for RequestHeaderAuthRequestController&#xA;I0429 19:39:35.147552       1 shared_informer.go:318] Caches are synced for client-ca::kube-system::extension-apiserver-authentication::client-ca-file&#xA;W0429 19:40:29.507174       1 controller.go:99] OwnerReferences is not set for &#34;local-cluster/hypershift-addon&#34;&#xA;W0429 19:40:29.515959       1 controller.go:99] OwnerReferences is not set for &#34;local-cluster/hypershift-addon&#34;&#xA;W0429 19:40:29.525642       1 controller.go:99] OwnerReferences is not set for &#34;local-cluster/hypershift-addon&#34;&#xA;E0429 19:40:29.527910       1 base_controller.go:159] &#34;addon-config-controller&#34; controller failed to sync &#34;local-cluster/hypershift-addon&#34;, err: Operation cannot be fulfilled on managedclusteraddons.addon.open-cluster-management.io &#34;hypershift-addon&#34;: the object has been modified; please apply your changes to the latest version and try again&#xA;W0429 19:40:29.534084       1 controller.go:99] OwnerReferences is not set for &#34;local-cluster/hypershift-addon&#34;&#xA;I0429 19:40:29.562072       1 event.go:364] Event(v1.ObjectReference{Kind:&#34;Namespace&#34;, Namespace:&#34;multicluster-engine&#34;, Name:&#34;multicluster-engine&#34;, UID:&#34;&#34;, APIVersion:&#34;v1&#34;, ResourceVersion:&#34;&#34;, FieldPath:&#34;&#34;}): type: &#39;Normal&#39; reason: &#39;ClusterRoleBindingUpdated&#39; Updated ClusterRoleBinding.rbac.authorization.k8s.io/open-cluster-management:hypershift-addon:local-cluster:agent -n local-cluster because it changed&#xA;I0429 19:40:29.587011       1 event.go:364] Event(v1.ObjectReference{Kind:&#34;Namespace&#34;, Namespace:&#34;multicluster-engine&#34;, Name:&#34;multicluster-engine&#34;, UID:&#34;&#34;, APIVersion:&#34;v1&#34;, ResourceVersion:&#34;&#34;, FieldPath:&#34;&#34;}): type: &#39;Normal&#39; reason: &#39;ClusterRoleBindingUpdated&#39; Updated ClusterRoleBinding.rbac.authorization.k8s.io/open-cluster-management:hypershift-addon:local-cluster:agent -n local-cluster because it changed&#xA;I0429 19:40:29.653121       1 event.go:364] Event(v1.ObjectReference{Kind:&#34;Namespace&#34;, Namespace:&#34;multicluster-engine&#34;, Name:&#34;multicluster-engine&#34;, UID:&#34;&#34;, APIVersion:&#34;v1&#34;, ResourceVersion:&#34;&#34;, FieldPath:&#34;&#34;}): type: &#39;Normal&#39; reason: &#39;ClusterRoleBindingUpdated&#39; Updated ClusterRoleBinding.rbac.authorization.k8s.io/open-cluster-management:hypershift-addon:local-cluster:agent -n local-cluster because it changed&#xA;I0429 19:40:29.697905       1 csr_helpers.go:174] CSR approved&#xA;I0429 19:40:29.809590       1 event.go:364] Event(v1.ObjectReference{Kind:&#34;Namespace&#34;, Namespace:&#34;multicluster-engine&#34;, Name:&#34;multicluster-engine&#34;, UID:&#34;&#34;, APIVersion:&#34;v1&#34;, ResourceVersion:&#34;&#34;, FieldPath:&#34;&#34;}): type: &#39;Normal&#39; reason: &#39;ClusterRoleBindingUpdated&#39; Updated ClusterRoleBinding.rbac.authorization.k8s.io/open-cluster-management:hypershift-addon:local-cluster:agent -n local-cluster because it changed&#xA;I0429 19:40:35.874969       1 event.go:364] Event(v1.ObjectReference{Kind:&#34;Namespace&#34;, Namespace:&#34;multicluster-engine&#34;, Name:&#34;multicluster-engine&#34;, UID:&#34;&#34;, APIVersion:&#34;v1&#34;, ResourceVersion:&#34;&#34;, FieldPath:&#34;&#34;}): type: &#39;Normal&#39; reason: &#39;ClusterRoleBindingUpdated&#39; Updated ClusterRoleBinding.rbac.authorization.k8s.io/open-cluster-management:hypershift-addon:local-cluster:agent -n local-cluster because it changed&#xA;I0429 19:40:35.916966       1 event.go:364] Event(v1.ObjectReference{Kind:&#34;Namespace&#34;, Namespace:&#34;multicluster-engine&#34;, Name:&#34;multicluster-engine&#34;, UID:&#34;&#34;, APIVersion:&#34;v1&#34;, ResourceVersion:&#34;&#34;, FieldPath:&#34;&#34;}): type: &#39;Normal&#39; reason: &#39;ClusterRoleBindingUpdated&#39; Updated ClusterRoleBinding.rbac.authorization.k8s.io/open-cluster-management:hypershift-addon:local-cluster:agent -n local-cluster because it changed&#xA;E0429 19:40:35.926558       1 base_controller.go:159] &#34;addon-deploy-controller&#34; controller failed to sync &#34;local-cluster/hypershift-addon&#34;, err: Operation cannot be fulfilled on managedclusteraddons.addon.open-cluster-management.io &#34;hypershift-addon&#34;: the object has been modified; please apply your changes to the latest version and try again&#xA; - /Users/rokej/go/src/github.com/rokej/hypershift-addon-operator/test/e2e/install_test.go:162 @ 04/29/24 15:40:38.323&#xA;STEP: Addon agent not found, checking manager logs - /Users/rokej/go/src/github.com/rokej/hypershift-addon-operator/test/e2e/install_test.go:139 @ 04/29/24 15:40:40.363&#xA;STEP: Found addon manager podhypershift-addon-manager-79c9d96f74-qmwdc - /Users/rokej/go/src/github.com/rokej/hypershift-addon-operator/test/e2e/install_test.go:151 @ 04/29/24 15:40:40.474&#xA;STEP: Addon manager logs: W0429 19:39:34.186586       1 cmd.go:245] Using insecure, self-signed certificates&#xA;I0429 19:39:34.430529       1 observer_polling.go:159] Starting file observer&#xA;W0429 19:39:34.440464       1 builder.go:267] unable to get owner reference (falling back to namespace): pods is forbidden: User &#34;system:serviceaccount:multicluster-engine:hypershift-addon-manager-sa&#34; cannot list resource &#34;pods&#34; in API group &#34;&#34; in the namespace &#34;multicluster-engine&#34;&#xA;I0429 19:39:34.440605       1 builder.go:299] hypershift-addon version v0.0.0-master+$Format:%H$-$Format:%H$&#xA;I0429 19:39:35.025950       1 secure_serving.go:57] Forcing use of http/1.1 only&#xA;W0429 19:39:35.026057       1 secure_serving.go:69] Use of insecure cipher &#39;TLS_ECDHE_ECDSA_WITH_AES_128_CBC_SHA256&#39; detected.&#xA;W0429 19:39:35.026072       1 secure_serving.go:69] Use of insecure cipher &#39;TLS_ECDHE_RSA_WITH_AES_128_CBC_SHA256&#39; detected.&#xA;I0429 19:39:35.039015       1 base_controller.go:34] Waiting for caches to sync for addon-deploy-controller&#xA;I0429 19:39:35.039075       1 base_controller.go:34] Waiting for caches to sync for addon-configuration-controller&#xA;I0429 19:39:35.039085       1 base_controller.go:34] Waiting for caches to sync for addon-registration-controller&#xA;I0429 19:39:35.039098       1 base_controller.go:34] Waiting for caches to sync for addon-owner-controller&#xA;I0429 19:39:35.039101       1 base_controller.go:34] Waiting for cach
[...]
xA;      goroutine 21 [select]&#xA;        github.com/onsi/ginkgo/v2/internal/interrupt_handler.(*InterruptHandler).registerForInterrupts.func2(0x0?)&#xA;          /Users/rokej/go/src/github.com/rokej/hypershift-addon-operator/vendor/github.com/onsi/ginkgo/v2/internal/interrupt_handler/interrupt_handler.go:131&#xA;        github.com/onsi/ginkgo/v2/internal/interrupt_handler.(*InterruptHandler).registerForInterrupts in goroutine 19&#xA;          /Users/rokej/go/src/github.com/rokej/hypershift-addon-operator/vendor/github.com/onsi/ginkgo/v2/internal/interrupt_handler/interrupt_handler.go:128&#xA;&#xA;      goroutine 22 [select, 1 minutes]&#xA;        github.com/onsi/ginkgo/v2/internal.RegisterForProgressSignal.func1()&#xA;          /Users/rokej/go/src/github.com/rokej/hypershift-addon-operator/vendor/github.com/onsi/ginkgo/v2/internal/progress_report.go:32&#xA;        github.com/onsi/ginkgo/v2/internal.RegisterForProgressSignal in goroutine 19&#xA;          /Users/rokej/go/src/github.com/rokej/hypershift-addon-operator/vendor/github.com/onsi/ginkgo/v2/internal/progress_report.go:30&#xA;&#xA;      goroutine 52 [IO wait]&#xA;        internal/poll.runtime_pollWait(0x4a8f6350, 0x72)&#xA;          /usr/local/Cellar/go/1.21.1/libexec/src/runtime/netpoll.go:343&#xA;        internal/poll.(*pollDesc).wait(0xc000622f80?, 0xc00063c000?, 0x0)&#xA;          /usr/local/Cellar/go/1.21.1/libexec/src/internal/poll/fd_poll_runtime.go:84&#xA;        internal/poll.(*pollDesc).waitRead(...)&#xA;          /usr/local/Cellar/go/1.21.1/libexec/src/internal/poll/fd_poll_runtime.go:89&#xA;        internal/poll.(*FD).Read(0xc000622f80, {0xc00063c000, 0x4a80, 0x4a80})&#xA;          /usr/local/Cellar/go/1.21.1/libexec/src/internal/poll/fd_unix.go:164&#xA;        net.(*netFD).Read(0xc000622f80, {0xc00063c000?, 0xc00063e812?, 0x1a?})&#xA;          /usr/local/Cellar/go/1.21.1/libexec/src/net/fd_posix.go:55&#xA;        net.(*conn).Read(0xc000624008, {0xc00063c000?, 0x110a61e?, 0xc0001d6538?})&#xA;          /usr/local/Cellar/go/1.21.1/libexec/src/net/net.go:179&#xA;        crypto/tls.(*atLeastReader).Read(0xc0000122e8, {0xc00063c000?, 0xc0000122e8?, 0x0?})&#xA;          /usr/local/Cellar/go/1.21.1/libexec/src/crypto/tls/conn.go:805&#xA;        bytes.(*Buffer).ReadFrom(0xc0001d6628, {0x27dbe00, 0xc0000122e8})&#xA;          /usr/local/Cellar/go/1.21.1/libexec/src/bytes/buffer.go:211&#xA;        crypto/tls.(*Conn).readFromUntil(0xc0001d6380, {0x4a94b918?, 0xc000624008}, 0x2273?)&#xA;          /usr/local/Cellar/go/1.21.1/libexec/src/crypto/tls/conn.go:827&#xA;        crypto/tls.(*Conn).readRecordOrCCS(0xc0001d6380, 0x0)&#xA;          /usr/local/Cellar/go/1.21.1/libexec/src/crypto/tls/conn.go:625&#xA;        crypto/tls.(*Conn).readRecord(...)&#xA;          /usr/local/Cellar/go/1.21.1/libexec/src/crypto/tls/conn.go:587&#xA;        crypto/tls.(*Conn).Read(0xc0001d6380, {0xc000539000, 0x1000, 0x15e35c5?})&#xA;          /usr/local/Cellar/go/1.21.1/libexec/src/crypto/tls/conn.go:1369&#xA;        bufio.(*Reader).Read(0xc000055440, {0xc00052e200, 0x9, 0x34b83d0?})&#xA;          /usr/local/Cellar/go/1.21.1/libexec/src/bufio/bufio.go:244&#xA;        io.ReadAtLeast({0x27da920, 0xc000055440}, {0xc00052e200, 0x9, 0x9}, 0x9)&#xA;          /usr/local/Cellar/go/1.21.1/libexec/src/io/io.go:335&#xA;        io.ReadFull(...)&#xA;          /usr/local/Cellar/go/1.21.1/libexec/src/io/io.go:354&#xA;        golang.org/x/net/http2.readFrameHeader({0xc00052e200, 0x9, 0xc000502000?}, {0x27da920?, 0xc000055440?})&#xA;          /Users/rokej/go/src/github.com/rokej/hypershift-addon-operator/vendor/golang.org/x/net/http2/frame.go:237&#xA;        golang.org/x/net/http2.(*Framer).ReadFrame(0xc00052e1c0)&#xA;          /Users/rokej/go/src/github.com/rokej/hypershift-addon-operator/vendor/golang.org/x/net/http2/frame.go:498&#xA;        golang.org/x/net/http2.(*clientConnReadLoop).run(0xc0004bdf98)&#xA;          /Users/rokej/go/src/github.com/rokej/hypershift-addon-operator/vendor/golang.org/x/net/http2/transport.go:2275&#xA;        golang.org/x/net/http2.(*ClientConn).readLoop(0xc00052a180)&#xA;          /Users/rokej/go/src/github.com/rokej/hypershift-addon-operator/vendor/golang.org/x/net/http2/transport.go:2170&#xA;        golang.org/x/net/http2.(*Transport).newClientConn in goroutine 51&#xA;          /Users/rokej/go/src/github.com/rokej/hypershift-addon-operator/vendor/golang.org/x/net/http2/transport.go:821&#xA;Interrupted by User&#xA;First interrupt received; Ginkgo will run any cleanup and reporting nodes but will skip all remaining specs.  Interrupt again to skip cleanup.&#xA;Here&#39;s a current progress report:&#xA;  Install install hypershift operator did not exist (Spec Runtime: 1m46.491s)&#xA;    /Users/rokej/go/src/github.com/rokej/hypershift-addon-operator/test/e2e/install_test.go:132&#xA;    In [It] (Node Runtime: 1m46.413s)&#xA;      /Users/rokej/go/src/github.com/rokej/hypershift-addon-operator/test/e2e/install_test.go:132&#xA;      At [By Step] Addon manager logs: W0429 19:39:34.186586       1 cmd.go:245] Using insecure, self-signed certificates&#xA;      I0429 19:39:34.430529       1 observer_polling.go:159] Starting file observer&#xA;      W0429 19:39:34.440464       1 builder.go:267] unable to get owner reference (falling back to namespace): pods is forbidden: User &#34;system:serviceaccount:multicluster-engine:hypershift-addon-manager-sa&#34; cannot list resource &#34;pods&#34; in API group &#34;&#34; in the namespace &#34;multicluster-engine&#34;&#xA;      I0429 19:39:34.440605       1 builder.go:299] hypershift-addon version v0.0.0-master+$Format:%H$-$Format:%H$&#xA;      I0429 19:39:35.025950       1 secure_serving.go:57] Forcing use of http/1.1 only&#xA;      W0429 19:39:35.026057       1 secure_serving.go:69] Use of insecure cipher &#39;TLS_ECDHE_ECDSA_WITH_AES_128_CBC_SHA256&#39; detected.&#xA;      W0429 19:39:35.026072       1 secure_serving.go:69] Use of insecure cipher &#39;TLS_ECDHE_RSA_WITH_AES_128_CBC_SHA256&#39; detected.&#xA;      I0429 19:39:35.039015       1 base_controller.go:34] Waiting for caches to sync for addon-deploy-controller&#xA;      I0429 19:39:35.039075       1 base_controller.go:34] Waiting for caches to sync for addon-configuration-controller&#xA;      I0429 19:39:35.039085       1 base_controller.go:34] Waiting for caches to sync for addon-registration-controller&#xA;      I0429 19:39:35.039098       1 base_controller.go:34] Waiting for caches to sync for addon-owner-controller&#xA;      I0429 19:39:35.039101       1 base_controller.go:34] Waiting for caches to sync for addon-install-controller&#xA;      I0429 19:39:35.039112       1 base_controller.go:34] Waiting for caches to sync for addon-config-controller&#xA;      I0429 19:39:35.039125       1 base_controller.go:34] Waiting for caches to sync for management-addon-config-controller&#xA;      I0429 19:39:35.039073       1 base_controller.go:34] Waiting for caches to sync for management-addon-controller&#xA;      I0429 19:39:35.039361       1 base_controller.go:34] Waiting for caches to sync for CSRApprovingController&#xA;      I0429 19:39:35.039382       1 base_controller.go:34] Waiting for caches to sync for CSRApprovingController&#xA;      I0429 19:39:35.046653       1 requestheader_controller.go:169] Starting RequestHeaderAuthRequestController&#xA;      I0429 19:39:35.046704       1 shared_informer.go:311] Waiting for caches to sync for RequestHeaderAuthRequestController&#xA;      I0429 19:39:35.046739       1 configmap_cafile_content.go:202] &#34;Starting controller&#34; name=&#34;client-ca::kube-system::extension-apiserver-authentication::client-ca-file&#34;&#xA;      I0429 19:39:35.046759       1 shared_informer.go:311] Waiting for caches to sync for client-ca::kube-system::extension-apiserver-authentication::client-ca-file&#xA;      I0429 19:39:35.046779       1 configmap_cafile_content.go:202] &#34;Starting controller&#34; name=&#34;client-ca::kube-system::extension-apiserver-authentication::requestheader-client-ca-file&#34;&#xA;      I0429 19:39:35.046789       1 shared_informer.go:311] Waiting for caches to sync for client-ca::kube-system::extension-apiserver-authentication::requestheader-client-ca-file&#xA;      I0429 19:39:35.047391       1 dynamic_serving_content.go:132] &#34;Starting controller&#34; name=&#34;serving-cert::/tmp/serving-cert-993586889/tls.crt::/tmp/serving-cert-993586889/tls.key&#34;&#xA;      I0429 19:39:35.048149       1 secure_serving.go:213] Serving securely on [::]:8443&#xA;      I0429 19:39:35.048233       1 tlsconfig.go:240] &#34;Starting DynamicServingCertificateController&#34;&#xA;      2024-04-29T19:39:35.095Z&#x9;INFO&#x9;manager&#x9;manager/cli_download_install.go:113&#x9;MCE CSV found multicluster-engine.v2.6.0&#xA;      2024-04-29T19:39:35.095Z&#x9;INFO&#x9;manager&#x9;manager/cli_download_install.go:60&#x9;the hcp CLI download image was not found in the CSV. Skip enabling the hcp CLI download&#xA;      I0429 19:39:35.139212       1 base_controller.go:40] Caches are synced for management-addon-controller &#xA;      I0429 19:39:35.139234       1 base_controller.go:40] Caches are synced for addon-deploy-controller &#xA;      I0429 19:39:35.139240       1 base_controller.go:78] Starting #1 worker of management-addon-controller controller ...&#xA;      I0429 19:39:35.139244       1 base_controller.go:78] Starting #1 worker of addon-deploy-controller controller ...&#xA;      I0429 19:39:35.139244       1 base_controller.go:40] Caches are synced for addon-install-controller &#xA;      I0429 19:39:35.139259       1 base_controller.go:40] Caches are synced for addon-configuration-controller &#xA;      I0429 19:39:35.139261       1 base_controller.go:78] Starting #1 worker of addon-install-controller controller ...&#xA;      I0429 19:39:35.139264       1 base_controller.go:78] Starting #1 worker of addon-configuration-controller controller ...&#xA;      I0429 19:39:35.139294       1 base_controller.go:40] Caches are synced for addon-config-controller &#xA;      I0429 19:39:35.139301       1 base_controller.go:78] Starting #1 worker of addon-config-controller controller ...&#xA;      I0429 19:39:35.139221       1 base_controller.go:40] Caches are synced for addon-owner-controller &#xA;      I0429 19:39:35.139295       1 base_controller.go:40] Caches are synced for addon-registration-controller &#xA;      I0429 19:39:35.139312       1 base_controller.go:78] Starting #1 worker of addon-owner-controller controller ...&#xA;      I0429 19:39:35.139315       1 base_controller.go:78] Starting #1 worker of addon-registration-controller controller ...&#xA;      I0429 19:39:35.139303       1 base_controller.go:40] Caches are synced for management-addon-config-controller &#xA;      I0429 19:39:35.139406       1 base_controller.go:78] Starting #1 worker of management-addon-config-controller controller ...&#xA;      I0429 19:39:35.139442       1 base_controller.go:40] Caches are synced for CSRApprovingController &#xA;      I0429 19:39:35.139453       1 base_controller.go:78] Starting #1 worker of CSRApprovingController controller ...&#xA;      I0429 19:39:35.140064       1 base_controller.go:40] Caches are synced for CSRApprovingController &#xA;      I0429 19:39:35.140126       1 base_controller.go:78] Starting #1 worker of CSRApprovingController controller ...&#xA;      I0429 19:39:35.147504       1 shared_informer.go:318] Caches are synced for client-ca::kube-system::extension-apiserver-authentication::requestheader-client-ca-file&#xA;      I0429 19:39:35.147532       1 shared_informer.go:318] Caches are synced for RequestHeaderAuthRequestController&#xA;      I0429 19:39:35.147552       1 shared_informer.go:318] Caches are synced for client-ca::kube-system::extension-apiserver-authentication::client-ca-file&#xA;      W0429 19:40:29.507174       1 controller.go:99] OwnerReferences is not set for &#34;local-cluster/hypershift-addon&#34;&#xA;      W0429 19:40:29.515959       1 controller.go:99] OwnerReferences is not set for &#34;local-cluster/hypershift-addon&#34;&#xA;      W0429 19:40:29.525642       1 controller.go:99] OwnerReferences is not set for &#34;local-cluster/hypershift-addon&#34;&#xA;      E0429 19:40:29.527910       1 base_controller.go:159] &#34;addon-config-controller&#34; controller failed to sync &#34;local-cluster/hypershift-addon&#34;, err: Operation cannot be fulfilled on managedclusteraddons.addon.open-cluster-management.io &#34;hypershift-addon&#34;: the object has been modified; please apply your changes to the latest version and try again&#xA;      W0429 19:40:29.534084       1 controller.go:99] OwnerReferences is not set for &#34;local-cluster/hypershift-addon&#34;&#xA;      I0429 19:40:29.562072       1 event.go:364] Event(v1.ObjectReference{Kind:&#34;Namespace&#34;, Namespace:&#34;multicluster-engine&#34;, Name:&#34;multicluster-engine&#34;, UID:&#34;&#34;, APIVersion:&#34;v1&#34;, ResourceVersion:&#34;&#34;, FieldPath:&#34;&#34;}): type: &#39;Normal&#39; reason: &#39;ClusterRoleBindingUpdated&#39; Updated ClusterRoleBinding.rbac.authorization.k8s.io/open-cluster-management:hypershift-addon:local-cluster:agent -n local-cluster because it changed&#xA;      I0429 19:40:29.587011       1 event.go:364] Event(v1.ObjectReference{Kind:&#34;Namespace&#34;, Namespace:&#34;multicluster-engine&#34;, Name:&#34;multicluster-engine&#34;, UID:&#34;&#34;, APIVersion:&#34;v1&#34;, ResourceVersion:&#34;&#34;, FieldPath:&#34;&#34;}): type: &#39;Normal&#39; reason: &#39;ClusterRoleBindingUpdated&#39; Updated ClusterRoleBinding.rbac.authorization.k8s.io/open-cluster-management:hypershift-addon:local-cluster:agent -n local-cluster because it changed&#xA;      I0429 19:40:29.653121       1 event.go:364] Event(v1.ObjectReference{Kind:&#34;Namespace&#34;, Namespace:&#34;multicluster-engine&#34;, Name:&#34;multicluster-engine&#34;, UID:&#34;&#34;, APIVersion:&#34;v1&#34;, ResourceVersion:&#34;&#34;, FieldPath:&#34;&#34;}): type: &#39;Normal&#39; reason: &#39;ClusterRoleBindingUpdated&#39; Updated ClusterRoleBinding.rbac.authorization.k8s.io/open-cluster-management:hypershift-addon:local-cluster:agent -n local-cluster because it changed&#xA;      I0429 19:40:29.697905       1 csr_helpers.go:174] CSR approved&#xA;      I0429 19:40:29.809590       1 event.go:364] Event(v1.ObjectReference{Kind:&#34;Namespace&#34;, Namespace:&#34;multicluster-engine&#34;, Name:&#34;multicluster-engine&#34;, UID:&#34;&#34;, APIVersion:&#34;v1&#34;, ResourceVersion:&#34;&#34;, FieldPath:&#34;&#34;}): type: &#39;Normal&#39; reason: &#39;ClusterRoleBindingUpdated&#39; Updated ClusterRoleBinding.rbac.authorization.k8s.io/open-cluster-management:hypershift-addon:local-cluster:agent -n local-cluster because it changed&#xA;      I0429 19:40:35.874969       1 event.go:364] Event(v1.ObjectReference{Kind:&#34;Namespace&#34;, Namespace:&#34;multicluster-engine&#34;, Name:&#34;multicluster-engine&#34;, UID:&#34;&#34;, APIVersion:&#34;v1&#34;, ResourceVersion:&#34;&#34;, FieldPath:&#34;&#34;}): type: &#39;Normal&#39; reason: &#39;ClusterRoleBindingUpdated&#39; Updated ClusterRoleBinding.rbac.authorization.k8s.io/open-cluster-management:hypershift-addon:local-cluster:agent -n local-cluster because it changed&#xA;      I0429 19:40:35.916966       1 event.go:364] Event(v1.ObjectReference{Kind:&#34;Namespace&#34;, Namespace:&#34;multicluster-engine&#34;, Name:&#34;multicluster-engine&#34;, UID:&#34;&#34;, APIVersion:&#34;v1&#34;, ResourceVersion:&#34;&#34;, FieldPath:&#34;&#34;}): type: &#39;Normal&#39; reason: &#39;ClusterRoleBindingUpdated&#39; Updated ClusterRoleBinding.rbac.authorization.k8s.io/open-cluster-management:hypershift-addon:local-cluster:agent -n local-cluster because it changed&#xA;      E0429 19:40:35.926558       1 base_controller.go:159] &#34;addon-deploy-controller&#34; controller failed to sync &#34;local-cluster/hypershift-addon&#34;, err: Operation cannot be fulfilled on managedclusteraddons.addon.open-cluster-management.io &#34;hypershift-addon&#34;: the object has been modified; please apply your changes to the latest version and try again&#xA;      I0429 19:40:45.026595       1 event.go:364] Event(v1.ObjectReference{Kind:&#34;Namespace&#34;, Namespace:&#34;multicluster-engine&#34;, Name:&#34;multicluster-engine&#34;, UID:&#34;&#34;, APIVersion:&#34;v1&#34;, ResourceVersion:&#34;&#34;, FieldPath:&#34;&#34;}): type: &#39;Normal&#39; reason: &#39;ClusterRoleBindingUpdated&#39; Updated ClusterRoleBinding.rbac.authorization.k8s.io/open-cluster-management:hypershift-addon:local-cluster:agent -n local-cluster because it changed&#xA;       (Step Runtime: 1.23s)&#xA;        /Users/rokej/go/src/github.com/rokej/hypershift-addon-operator/test/e2e/install_test.go:162&#xA;&#xA;      Spec Goroutine&#xA;      goroutine 71 [select]&#xA;        github.com/onsi/gomega/internal.(*AsyncAssertion).match(0xc00021a3f0, {0x27e50a0?, 0xc000707be0}, 0x1, {0x0, 0x0, 0x0})&#xA;          /Users/rokej/go/src/github.com/rokej/hypershift-addon-operator/vendor/github.com/onsi/gomega/internal/async_assertion.go:538&#xA;        github.com/onsi/gomega/internal.(*AsyncAssertion).Should(0xc00021a3f0, {0x27e50a0, 0xc000707be0}, {0x0, 0x0, 0x0})&#xA;          /Users/rokej/go/src/github.com/rokej/hypershift-addon-operator/vendor/github.com/onsi/gomega/internal/async_assertion.go:145&#xA;      &gt; github.com/stolostron/hypershift-addon-operator/test/e2e_test.glob..func2.3.3()&#xA;          /Users/rokej/go/src/github.com/rokej/hypershift-addon-operator/test/e2e/install_test.go:201&#xA;            | &#xA;            | &#x9;return true&#xA;            &gt; }, eventuallyTimeout, eventuallyInterval).Should(gomega.BeTrue())&#xA;            | &#xA;            | ginkgo.By(&#34;Check the hypershift operator installation&#34;)&#xA;        github.com/onsi/ginkgo/v2/internal.extractBodyFunction.func3({0x15db248, 0xc00052a780})&#xA;          /Users/rokej/go/src/github.com/rokej/hypershift-addon-operator/vendor/github.com/onsi/ginkgo/v2/internal/node.go:463&#xA;        github.com/onsi/ginkgo/v2/internal.(*Suite).runNode.func3()&#xA;          /Users/rokej/go/src/github.com/rokej/hypershift-addon-operator/vendor/github.com/onsi/ginkgo/v2/internal/suite.go:889&#xA;        github.com/onsi/ginkgo/v2/internal.(*Suite).runNode in goroutine 19&#xA;          /Users/rokej/go/src/github.com/rokej/hypershift-addon-operator/vendor/github.com/onsi/ginkgo/v2/internal/suite.go:876&#xA;&lt; Exit [It] did not exist - /Users/rokej/go/src/github.com/rokej/hypershift-addon-operator/test/e2e/install_test.go:132 @ 04/29/24 15:42:15.84 (1m46.416s)&#xA;&gt; Enter [AfterEach] install hypershift operator - /Users/rokej/go/src/github.com/rokej/hypershift-addon-operator/test/e2e/install_test.go:114 @ 04/29/24 15:42:15.84&#xA;STEP: Delete hypershift managed cluster addon for local-cluster - /Users/rokej/go/src/github.com/rokej/hypershift-addon-operator/test/e2e/install_test.go:40 @ 04/29/24 15:42:15.84&#xA;STEP: Check the hypershift operator deletion - /Users/rokej/go/src/github.com/rokej/hypershift-addon-operator/test/e2e/install_test.go:119 @ 04/29/24 15:42:15.883&#xA;STEP: Check the addon agent deletion - /Users/rokej/go/src/github.com/rokej/hypershift-addon-operator/test/e2e/install_test.go:125 @ 04/29/24 15:42:15.915&#xA;&lt; Exit [AfterEach] install hypershift operator - /Users/rokej/go/src/github.com/rokej/hypershift-addon-operator/test/e2e/install_test.go:114 @ 04/29/24 15:42:15.945 (106ms)&#xA;&gt; Enter [AfterEach] Install - /Users/rokej/go/src/github.com/rokej/hypershift-addon-operator/test/e2e/install_test.go:99 @ 04/29/24 15:42:15.945&#xA;STEP: Delete  hypershift OIDC provider secret for local-cluster - /Users/rokej/go/src/github.com/rokej/hypershift-addon-operator/test/e2e/install_test.go:64 @ 04/29/24 15:42:15.945&#xA;&lt; Exit [AfterEach] Install - /Users/rokej/go/src/github.com/rokej/hypershift-addon-operator/test/e2e/install_test.go:99 @ 04/29/24 15:42:15.982 (37ms)&#xA;</system-err>
          </testcase>
      </testsuite>
  </testsuites>